#
# A fatal error has been detected by the Java Runtime Environment:
#
#  EXCEPTION_UNCAUGHT_CXX_EXCEPTION (0xe06d7363) at pc=0x00007ffce8091f28, pid=91952, tid=88512
#
# JRE version: Java(TM) SE Runtime Environment (8.0_51-b16) (build 1.8.0_51-b16)
# Java VM: Java HotSpot(TM) 64-Bit Server VM (25.51-b03 mixed mode windows-amd64 compressed oops)
# Problematic frame:
# C  [KERNELBASE.dll+0x71f28]
#
# Failed to write core dump. Minidumps are not enabled by default on client versions of Windows
#
# If you would like to submit a bug report, please visit:
#   http://bugreport.java.com/bugreport/crash.jsp
# The crash happened outside the Java Virtual Machine in native code.
# See problematic frame for where to report the bug.
#

---------------  T H R E A D  ---------------

Current thread (0x0000000002c03800):  JavaThread "main" [_thread_in_native, id=88512, stack(0x0000000002af0000,0x0000000002bf0000)]

siginfo: ExceptionCode=0xe06d7363, ExceptionInformation=0x0000000019930520 0x0000000002bdef80 0x00007ffcb875f908 0x00007ffcb8520000 

Registers:
RAX=0x0000000016f66f60, RBX=0x00007ffcb875f908, RCX=0x0000000016f66f60, RDX=0x0000000016f66c80
RSP=0x0000000002bdedf0, RBP=0x0000000002bdef30, RSI=0x00007ffcb86f1b88, RDI=0x0000000002bdef80
R8 =0x0000000016f7c170, R9 =0x0000000002000002, R10=0x0000000016f9c8c0, R11=0x0000000016f7ec28
R12=0x00000000ffffff29, R13=0x0000000000000000, R14=0x00007ffcb86f1940, R15=0x0000000002bef168
RIP=0x00007ffce8091f28, EFLAGS=0x0000000000000202

Top of Stack: (sp=0x0000000002bdedf0)
0x0000000002bdedf0:   0000000016f55f78 00007ffcb875f908
0x0000000002bdee00:   00007ffcb86f1b88 0000000002bdef80
0x0000000002bdee10:   00000001e06d7363 0000000000000000
0x0000000002bdee20:   00007ffce8091f28 0000000000000004
0x0000000002bdee30:   0000000019930520 0000000002bdef80
0x0000000002bdee40:   00007ffcb875f908 00007ffcb8520000
0x0000000002bdee50:   00000000ffffff29 0000000002bdef80
0x0000000002bdee60:   00007ffcb86f1b88 0000000002bdef40
0x0000000002bdee70:   0000000002bdef30 00007ffceb1e782f
0x0000000002bdee80:   0000000000000000 00007ffc00000000
0x0000000002bdee90:   0000000002bdef80 00007ffcbd83d306
0x0000000002bdeea0:   00007ffcb8780000 00007ffcb8520000
0x0000000002bdeeb0:   000084c507e2fc07 00007ffcbd8bc4d0
0x0000000002bdeec0:   00007ffcb875f908 00007ffcbd83ef63
0x0000000002bdeed0:   0000000002bdef80 00007ffcbd80eb8d
0x0000000002bdeee0:   00007ffcbd8bc4d0 00007ffcb86f1b88 

Instructions: (pc=0x00007ffce8091f28)
0x00007ffce8091f08:   49 8b d1 44 0f 47 c0 44 89 44 24 38 49 c1 e0 03
0x00007ffce8091f18:   e8 27 b2 00 00 48 8d 4c 24 20 ff 15 c8 a7 05 00
0x00007ffce8091f28:   48 8b 8c 24 c0 00 00 00 48 33 cc e8 98 7a 00 00
0x00007ffce8091f38:   48 81 c4 d8 00 00 00 c3 83 64 24 38 00 eb d6 cc 


Register to memory mapping:

RAX=0x0000000016f66f60 is pointing into metadata
RBX=0x00007ffcb875f908 is an unknown value
RCX=0x0000000016f66f60 is pointing into metadata
RDX=0x0000000016f66c80 is pointing into metadata
RSP=0x0000000002bdedf0 is pointing into the stack for thread: 0x0000000002c03800
RBP=0x0000000002bdef30 is pointing into the stack for thread: 0x0000000002c03800
RSI=0x00007ffcb86f1b88 is an unknown value
RDI=0x0000000002bdef80 is pointing into the stack for thread: 0x0000000002c03800
R8 =0x0000000016f7c170 is pointing into metadata
R9 =0x0000000002000002 is an unknown value
R10=0x0000000016f9c8c0 is pointing into metadata
R11=0x0000000016f7ec28 is pointing into metadata
R12=0x00000000ffffff29 is an unallocated location in the heap
R13=0x0000000000000000 is an unknown value
R14=0x00007ffcb86f1940 is an unknown value
R15=0x0000000002bef168 is pointing into the stack for thread: 0x0000000002c03800


Stack: [0x0000000002af0000,0x0000000002bf0000],  sp=0x0000000002bdedf0,  free space=955k
Native frames: (J=compiled Java code, j=interpreted, Vv=VM code, C=native code)
C  [KERNELBASE.dll+0x71f28]
C  [msvcr120.dll+0x5ef63]
C  [opencv_core310.dll+0x19b5a4]
C  [opencv_core310.dll+0x19b6e6]
C  [opencv_core310.dll+0x6284e]
C  [jniopencv_core.dll+0xdd94b]
C  0x0000000002d2dfcc

Java frames: (J=compiled Java code, j=interpreted, Vv=VM code)
j  org.bytedeco.javacpp.opencv_core.cvCopy(Lorg/bytedeco/javacpp/helper/opencv_core$CvArr;Lorg/bytedeco/javacpp/helper/opencv_core$CvArr;)V+0
j  Sample.main([Ljava/lang/String;)V+585
v  ~StubRoutines::call_stub

---------------  P R O C E S S  ---------------

Java Threads: ( => current thread )
  0x000000001925b800 JavaThread "Service Thread" daemon [_thread_blocked, id=89200, stack(0x0000000019610000,0x0000000019710000)]
  0x00000000176de000 JavaThread "C1 CompilerThread2" daemon [_thread_blocked, id=87680, stack(0x0000000019110000,0x0000000019210000)]
  0x00000000176dd800 JavaThread "C2 CompilerThread1" daemon [_thread_blocked, id=85636, stack(0x0000000019010000,0x0000000019110000)]
  0x00000000176e4800 JavaThread "C2 CompilerThread0" daemon [_thread_blocked, id=86212, stack(0x0000000018f10000,0x0000000019010000)]
  0x00000000176cb000 JavaThread "JDWP Command Reader" daemon [_thread_in_native, id=85836, stack(0x0000000018e10000,0x0000000018f10000)]
  0x00000000176c7800 JavaThread "JDWP Event Helper Thread" daemon [_thread_blocked, id=90996, stack(0x0000000018d10000,0x0000000018e10000)]
  0x00000000176c3000 JavaThread "JDWP Transport Listener: dt_socket" daemon [_thread_blocked, id=74868, stack(0x0000000018c10000,0x0000000018d10000)]
  0x00000000176b0000 JavaThread "Attach Listener" daemon [_thread_blocked, id=91336, stack(0x0000000018b10000,0x0000000018c10000)]
  0x00000000176af000 JavaThread "Signal Dispatcher" daemon [_thread_blocked, id=90428, stack(0x0000000018a10000,0x0000000018b10000)]
  0x0000000002cf2800 JavaThread "Finalizer" daemon [_thread_blocked, id=88044, stack(0x0000000018900000,0x0000000018a00000)]
  0x0000000002cef000 JavaThread "Reference Handler" daemon [_thread_blocked, id=89740, stack(0x0000000018800000,0x0000000018900000)]
=>0x0000000002c03800 JavaThread "main" [_thread_in_native, id=88512, stack(0x0000000002af0000,0x0000000002bf0000)]

Other Threads:
  0x0000000017678000 VMThread [stack: 0x0000000018700000,0x0000000018800000] [id=90524]
  0x0000000019262800 WatcherThread [stack: 0x0000000019710000,0x0000000019810000] [id=89520]

VM state:not at safepoint (normal execution)

VM Mutex/Monitor currently owned by a thread: None

Heap:
 PSYoungGen      total 36864K, used 14950K [0x00000000d6e00000, 0x00000000d9700000, 0x0000000100000000)
  eden space 31744K, 47% used [0x00000000d6e00000,0x00000000d7c99ac0,0x00000000d8d00000)
  from space 5120K, 0% used [0x00000000d9200000,0x00000000d9200000,0x00000000d9700000)
  to   space 5120K, 0% used [0x00000000d8d00000,0x00000000d8d00000,0x00000000d9200000)
 ParOldGen       total 84992K, used 0K [0x0000000084a00000, 0x0000000089d00000, 0x00000000d6e00000)
  object space 84992K, 0% used [0x0000000084a00000,0x0000000084a00000,0x0000000089d00000)
 Metaspace       used 5830K, capacity 6592K, committed 6784K, reserved 1056768K
  class space    used 612K, capacity 624K, committed 640K, reserved 1048576K

Card table byte_map: [0x00000000120d0000,0x00000000124b0000] byte_map_base: 0x0000000011cab000

Marking Bits: (ParMarkBitMap*) 0x000000005edf4040
 Begin Bits: [0x0000000012b50000, 0x0000000014a28000)
 End Bits:   [0x0000000014a28000, 0x0000000016900000)

Polling page: 0x0000000002a70000

CodeCache: size=245760Kb used=2552Kb max_used=2557Kb free=243207Kb
 bounds [0x0000000002d10000, 0x0000000002fa0000, 0x0000000011d10000]
 total_blobs=871 nmethods=503 adapters=289
 compilation: enabled

Compilation events (10 events):
Event: 2.068 Thread 0x00000000176de000 nmethod 498 0x0000000002f8cb90 code [0x0000000002f8cce0, 0x0000000002f8ce30]
Event: 2.069 Thread 0x00000000176e4800 nmethod 499 0x0000000002f8fc50 code [0x0000000002f8fda0, 0x0000000002f8ff38]
Event: 2.073 Thread 0x00000000176de000  500       3       java.nio.CharBuffer::arrayOffset (35 bytes)
Event: 2.073 Thread 0x00000000176de000 nmethod 500 0x0000000002f8f610 code [0x0000000002f8f7a0, 0x0000000002f8fad8]
Event: 2.153 Thread 0x00000000176de000  501       3       java.io.ExpiringCache::entryFor (57 bytes)
Event: 2.153 Thread 0x00000000176de000 nmethod 501 0x0000000002f8ed50 code [0x0000000002f8eee0, 0x0000000002f8f458]
Event: 2.979 Thread 0x00000000176de000  502       3       java.util.LinkedHashMap::newNode (23 bytes)
Event: 2.979 Thread 0x00000000176de000 nmethod 502 0x0000000002f8e550 code [0x0000000002f8e6e0, 0x0000000002f8eb10]
Event: 2.979 Thread 0x00000000176de000  503       3       java.util.LinkedHashMap$Entry::<init> (10 bytes)
Event: 2.979 Thread 0x00000000176de000 nmethod 503 0x0000000002f8e050 code [0x0000000002f8e1c0, 0x0000000002f8e410]

GC Heap History (0 events):
No events

Deoptimization events (1 events):
Event: 0.361 Thread 0x0000000002c03800 Uncommon trap: reason=unstable_if action=reinterpret pc=0x0000000002e8f420 method=java.lang.String.indexOf([CII[CIII)I @ 123

Internal exceptions (10 events):
Event: 0.284 Thread 0x0000000002c03800 Exception <a 'java/security/PrivilegedActionException'> (0x00000000d720d5d8) thrown at [C:\re\workspace\8-2-build-windows-amd64-cygwin\jdk8u51\3951\hotspot\src\share\vm\prims\jvm.cpp, line 1382]
Event: 0.284 Thread 0x0000000002c03800 Exception <a 'java/security/PrivilegedActionException'> (0x00000000d720d790) thrown at [C:\re\workspace\8-2-build-windows-amd64-cygwin\jdk8u51\3951\hotspot\src\share\vm\prims\jvm.cpp, line 1382]
Event: 0.284 Thread 0x0000000002c03800 Exception <a 'java/security/PrivilegedActionException'> (0x00000000d720ea18) thrown at [C:\re\workspace\8-2-build-windows-amd64-cygwin\jdk8u51\3951\hotspot\src\share\vm\prims\jvm.cpp, line 1382]
Event: 0.284 Thread 0x0000000002c03800 Exception <a 'java/security/PrivilegedActionException'> (0x00000000d720ebd0) thrown at [C:\re\workspace\8-2-build-windows-amd64-cygwin\jdk8u51\3951\hotspot\src\share\vm\prims\jvm.cpp, line 1382]
Event: 0.284 Thread 0x0000000002c03800 Exception <a 'java/security/PrivilegedActionException'> (0x00000000d720fdc8) thrown at [C:\re\workspace\8-2-build-windows-amd64-cygwin\jdk8u51\3951\hotspot\src\share\vm\prims\jvm.cpp, line 1382]
Event: 0.284 Thread 0x0000000002c03800 Exception <a 'java/security/PrivilegedActionException'> (0x00000000d720ff80) thrown at [C:\re\workspace\8-2-build-windows-amd64-cygwin\jdk8u51\3951\hotspot\src\share\vm\prims\jvm.cpp, line 1382]
Event: 0.365 Thread 0x0000000002c03800 Exception <a 'java/security/PrivilegedActionException'> (0x00000000d73743a0) thrown at [C:\re\workspace\8-2-build-windows-amd64-cygwin\jdk8u51\3951\hotspot\src\share\vm\prims\jvm.cpp, line 1382]
Event: 0.365 Thread 0x0000000002c03800 Exception <a 'java/security/PrivilegedActionException'> (0x00000000d7374558) thrown at [C:\re\workspace\8-2-build-windows-amd64-cygwin\jdk8u51\3951\hotspot\src\share\vm\prims\jvm.cpp, line 1382]
Event: 0.367 Thread 0x0000000002c03800 Exception <a 'java/security/PrivilegedActionException'> (0x00000000d73782f0) thrown at [C:\re\workspace\8-2-build-windows-amd64-cygwin\jdk8u51\3951\hotspot\src\share\vm\prims\jvm.cpp, line 1382]
Event: 0.367 Thread 0x0000000002c03800 Exception <a 'java/security/PrivilegedActionException'> (0x00000000d73784a8) thrown at [C:\re\workspace\8-2-build-windows-amd64-cygwin\jdk8u51\3951\hotspot\src\share\vm\prims\jvm.cpp, line 1382]

Events (10 events):
Event: 2.064 loading class java/lang/SecurityException
Event: 2.064 loading class java/lang/SecurityException done
Event: 2.065 loading class java/lang/InstantiationException
Event: 2.065 loading class java/lang/InstantiationException done
Event: 2.065 loading class sun/reflect/UnsafeFieldAccessorFactory
Event: 2.065 loading class sun/reflect/UnsafeFieldAccessorFactory done
Event: 2.065 loading class sun/reflect/UnsafeQualifiedStaticObjectFieldAccessorImpl
Event: 2.066 loading class sun/reflect/UnsafeQualifiedStaticFieldAccessorImpl
Event: 2.066 loading class sun/reflect/UnsafeQualifiedStaticFieldAccessorImpl done
Event: 2.066 loading class sun/reflect/UnsafeQualifiedStaticObjectFieldAccessorImpl done


Dynamic libraries:
0x00007ff743ca0000 - 0x00007ff743cd7000 	C:\Program Files\Java\jdk1.8.0_51\bin\java.exe
0x00007ffceb1b0000 - 0x00007ffceb371000 	C:\WINDOWS\SYSTEM32\ntdll.dll
0x00007ffceab00000 - 0x00007ffceabad000 	C:\WINDOWS\system32\KERNEL32.DLL
0x00007ffce8020000 - 0x00007ffce8208000 	C:\WINDOWS\system32\KERNELBASE.dll
0x00007ffce8f20000 - 0x00007ffce8fc7000 	C:\WINDOWS\system32\ADVAPI32.dll
0x00007ffceb000000 - 0x00007ffceb09d000 	C:\WINDOWS\system32\msvcrt.dll
0x00007ffceaaa0000 - 0x00007ffceaafb000 	C:\WINDOWS\system32\sechost.dll
0x00007ffce8880000 - 0x00007ffce899c000 	C:\WINDOWS\system32\RPCRT4.dll
0x00007ffce8dc0000 - 0x00007ffce8f16000 	C:\WINDOWS\system32\USER32.dll
0x00007ffce9190000 - 0x00007ffce9316000 	C:\WINDOWS\system32\GDI32.dll
0x00007ffce0380000 - 0x00007ffce05f4000 	C:\WINDOWS\WinSxS\amd64_microsoft.windows.common-controls_6595b64144ccf1df_6.0.10586.672_none_a2d6b3cea53ff843\COMCTL32.dll
0x00007ffce8a00000 - 0x00007ffce8c7d000 	C:\WINDOWS\system32\combase.dll
0x00007ffce7910000 - 0x00007ffce797a000 	C:\WINDOWS\system32\bcryptPrimitives.dll
0x00007ffce8fe0000 - 0x00007ffce901b000 	C:\WINDOWS\system32\IMM32.DLL
0x000000005ee80000 - 0x000000005ef52000 	C:\Program Files\Java\jdk1.8.0_51\jre\bin\msvcr100.dll
0x000000005e5f0000 - 0x000000005ee73000 	C:\Program Files\Java\jdk1.8.0_51\jre\bin\server\jvm.dll
0x00007ffce9180000 - 0x00007ffce9188000 	C:\WINDOWS\system32\PSAPI.DLL
0x00007ffce0860000 - 0x00007ffce0883000 	C:\WINDOWS\SYSTEM32\WINMM.dll
0x00007ffcdd6d0000 - 0x00007ffcdd6d9000 	C:\WINDOWS\SYSTEM32\WSOCK32.dll
0x00007ffce6ba0000 - 0x00007ffce6baa000 	C:\WINDOWS\SYSTEM32\VERSION.dll
0x00007ffce8600000 - 0x00007ffce866b000 	C:\WINDOWS\system32\WS2_32.dll
0x0000000002ac0000 - 0x0000000002aec000 	C:\WINDOWS\SYSTEM32\WINMMBASE.dll
0x00007ffce7fd0000 - 0x00007ffce8013000 	C:\WINDOWS\system32\cfgmgr32.dll
0x000000005fae0000 - 0x000000005faef000 	C:\Program Files\Java\jdk1.8.0_51\jre\bin\verify.dll
0x000000005e5c0000 - 0x000000005e5e9000 	C:\Program Files\Java\jdk1.8.0_51\jre\bin\java.dll
0x000000005e520000 - 0x000000005e555000 	C:\Program Files\Java\jdk1.8.0_51\jre\bin\jdwp.dll
0x000000005e510000 - 0x000000005e518000 	C:\Program Files\Java\jdk1.8.0_51\jre\bin\npt.dll
0x000000005e560000 - 0x000000005e576000 	C:\Program Files\Java\jdk1.8.0_51\jre\bin\zip.dll
0x00007ffce9470000 - 0x00007ffcea9cc000 	C:\WINDOWS\system32\SHELL32.dll
0x00007ffce7980000 - 0x00007ffce7fc5000 	C:\WINDOWS\system32\windows.storage.dll
0x00007ffce8c80000 - 0x00007ffce8cd2000 	C:\WINDOWS\system32\shlwapi.dll
0x00007ffce7820000 - 0x00007ffce782f000 	C:\WINDOWS\system32\kernel.appcore.dll
0x00007ffce8210000 - 0x00007ffce82c5000 	C:\WINDOWS\system32\shcore.dll
0x00007ffce77b0000 - 0x00007ffce77fb000 	C:\WINDOWS\system32\powrprof.dll
0x00007ffce7800000 - 0x00007ffce7814000 	C:\WINDOWS\system32\profapi.dll
0x000000005e500000 - 0x000000005e509000 	C:\Program Files\Java\jdk1.8.0_51\jre\bin\dt_socket.dll
0x00007ffce70e0000 - 0x00007ffce713c000 	C:\WINDOWS\system32\mswsock.dll
0x00007ffcbd7e0000 - 0x00007ffcbd8cf000 	C:\Users\rg\AppData\Local\Temp\javacpp1705384584533545\msvcr120.dll
0x00007ffcc6ff0000 - 0x00007ffcc7096000 	C:\Users\rg\AppData\Local\Temp\javacpp1705384584533545\msvcp120.dll
0x00007ffcb8520000 - 0x00007ffcb8799000 	C:\Users\rg\AppData\Local\Temp\javacpp1705384584533545\opencv_core310.dll
0x00007ffcb1da0000 - 0x00007ffcb20e1000 	C:\Users\rg\AppData\Local\Temp\javacpp1705384584533545\opencv_imgproc310.dll
0x00007ffcb1ba0000 - 0x00007ffcb1d98000 	C:\Users\rg\AppData\Local\Temp\javacpp1705384584533545\jniopencv_core.dll
0x00007ffcbd660000 - 0x00007ffcbd706000 	C:\Users\rg\AppData\Local\Temp\javacpp1705384584533545\jniopencv_imgproc.dll
0x00007ffcb11d0000 - 0x00007ffcb1498000 	C:\Users\rg\AppData\Local\Temp\javacpp1705384584533545\opencv_imgcodecs310.dll
0x00007ffce4cb0000 - 0x00007ffce4ccc000 	C:\Users\rg\AppData\Local\Temp\javacpp1705384584533545\jniopencv_imgcodecs.dll
0x00007ffcc6cf0000 - 0x00007ffcc6e7c000 	C:\WINDOWS\SYSTEM32\dbghelp.dll

VM Arguments:
jvm_args: -agentlib:jdwp=transport=dt_socket,address=127.0.0.1:57403,suspend=y,server=n -Djavacpp.platform.dependencies=true -Djava.library.path=C:\googs\mosaic\lib\ -Dfile.encoding=UTF-8 
java_command: Sample C:\googs\mosaic\src\main\resources\cropped C:\googs\mosaic\src\main\resources\target4 80 80
java_class_path (initial): C:\Program Files\Java\jdk1.8.0_51\jre\lib\charsets.jar;C:\Program Files\Java\jdk1.8.0_51\jre\lib\deploy.jar;C:\Program Files\Java\jdk1.8.0_51\jre\lib\javaws.jar;C:\Program Files\Java\jdk1.8.0_51\jre\lib\jce.jar;C:\Program Files\Java\jdk1.8.0_51\jre\lib\jfr.jar;C:\Program Files\Java\jdk1.8.0_51\jre\lib\jfxswt.jar;C:\Program Files\Java\jdk1.8.0_51\jre\lib\jsse.jar;C:\Program Files\Java\jdk1.8.0_51\jre\lib\management-agent.jar;C:\Program Files\Java\jdk1.8.0_51\jre\lib\plugin.jar;C:\Program Files\Java\jdk1.8.0_51\jre\lib\resources.jar;C:\Program Files\Java\jdk1.8.0_51\jre\lib\rt.jar;C:\Program Files\Java\jdk1.8.0_51\jre\lib\ext\access-bridge-64.jar;C:\Program Files\Java\jdk1.8.0_51\jre\lib\ext\cldrdata.jar;C:\Program Files\Java\jdk1.8.0_51\jre\lib\ext\dnsns.jar;C:\Program Files\Java\jdk1.8.0_51\jre\lib\ext\jaccess.jar;C:\Program Files\Java\jdk1.8.0_51\jre\lib\ext\jfxrt.jar;C:\Program Files\Java\jdk1.8.0_51\jre\lib\ext\localedata.jar;C:\Program Files\Java\jdk1.8.0_51\jre\lib\ext\nashorn.jar;C:\Program Files\Java\jdk1.8.0_51\jre\lib\ext\sunec.jar;C:\Program Files\Java\jdk1.8.0_51\jre\lib\ext\sunjce_provider.jar;C:\Program Files\Java\jdk1.8.0_51\jre\lib\ext\sunmscapi.jar;C:\Program Files\Java\jdk1.8.0_51\jre\lib\ext\sunpkcs11.jar;C:\Program Files\Java\jdk1.8.0_51\jre\lib\ext\zipfs.jar;C:\googs\mosaic\target\classes;C:\Users\rg\.m2\repository\org\bytedeco\javacv\1.2\javacv-1.2.jar;C:\Users\rg\.m2\repository\org\bytedeco\javacpp\1.2\javacpp-1.2.jar;C:\Users\rg\.m2\repository\org\bytedeco\javacpp-presets\opencv\3.1.0-1.2\opencv-3.1.0-1.2.jar;C:\Users\rg\.m2\repository\org\bytedeco\javacpp-presets\opencv\3.1.0-1.2\opencv-3.1.0-1.2-windows-x86.jar;C:\Users\rg\.m2\repository\org\bytedeco\javacpp-presets\ffmpeg\3.0.2-1.2\ffmpeg-3.0.2-1.2.jar;C:\Users\rg\.m2\repository\org\bytedeco\javacpp-presets\ffmpeg\3.0.2-1.2\ffmpeg-3.0.2-1.2-windows-x86.jar;C:\Users\rg\.m2\repository\org\bytedeco\javacpp-presets\flycapture\2.9.3.43-1.2\flycapture-2.9.3.43-1.2.jar
Launcher Type: SUN_STANDARD

Environment Variables:
JAVA_HOME=C:\Program Files\Java\jdk1.7.0_67
CLASSPATH=%CLASSPATH%;%TESTNG_HOME%\testng-6.9.4.jar;C:\TESTNG\testng-6.9.4.jar;C:\TESTNG\testng-6.9.4.jar
PATH=C:\ProgramData\Oracle\Java\javapath;C:\app\rg\product\11.2.0\dbhome_1\bin;C:\WINDOWS\system32;C:\WINDOWS;C:\WINDOWS\System32\Wbem;C:\WINDOWS\System32\WindowsPowerShell\v1.0\;C:\Program Files\ThinkPad\Bluetooth Software\;C:\Program Files\ThinkPad\Bluetooth Software\syswow64;C:\spring\apache-maven-3.3.3\bin;C:\Program Files (x86)\Git\cmd;C:\Program Files (x86)\WinMerge;C:\Program Files (x86)\WebEx\PTools020000000;C:\Program Files (x86)\Sennheiser\SoftphoneSDK\;C:\Program Files\Intel\WiFi\bin\;C:\Program Files\Common Files\Intel\WirelessCommon\;C:\Python27;C:\app\rg\product\11.2.0\dbhome_1\bin;C:\WINDOWS\system32;C:\WINDOWS;C:\WINDOWS\System32\Wbem;C:\WINDOWS\System32\WindowsPowerShell\v1.0\;C:\Program Files (x86)\QuickTime\QTSystem\;C:\Program Files\Perforce;C:\Users\rg\AppData\Roaming\Python\Scripts;C:\Program Files (x86)\GnuWin32\bin;C:\apache-ant-1.9.4\bin;C:\php;C:\instantclient;C:\googs\sdugui\libs;C:\Program Files\Java\jdk1.7.0_67\bin;C:\Users\rg\AppData\Local\Android\sdk\tools;C:\apache-maven-3.3.3\bin;C:\Users\rg\AppData\Local\Android\sdk;C:\Users\rg\AppData\Local\Android\ndk;C:\Users\rg\Downloads\curl-7.44.0;C:\Users\rg\AppData\Local\Google\Cloud SDK\google-cloud-sdk\bin;C:\Program Files (x86)\Google\google_appengine\;C:\Program Files\Intel\WiFi\bin\;C:\Program Files\Common Files\Intel\WirelessCommon\
USERNAME=rg
OS=Windows_NT
PROCESSOR_IDENTIFIER=Intel64 Family 6 Model 58 Stepping 9, GenuineIntel



---------------  S Y S T E M  ---------------

OS: Windows 10.0 , 64 bit Build 10586 (10.0.10586.589)

CPU:total 4 (2 cores per cpu, 2 threads per core) family 6 model 58 stepping 9, cmov, cx8, fxsr, mmx, sse, sse2, sse3, ssse3, sse4.1, sse4.2, popcnt, avx, aes, clmul, erms, ht, tsc, tscinvbit, tscinv

Memory: 4k page, physical 8078856k(2087740k free), swap 22210424k(11505920k free)

vm_info: Java HotSpot(TM) 64-Bit Server VM (25.51-b03) for windows-amd64 JRE (1.8.0_51-b16), built on Jun  8 2015 18:03:07 by "java_re" with MS VC++ 10.0 (VS2010)

time: Mon Dec 26 11:54:37 2016
elapsed time: 3 seconds (0d 0h 0m 3s)

