#
# A fatal error has been detected by the Java Runtime Environment:
#
#  EXCEPTION_UNCAUGHT_CXX_EXCEPTION (0xe06d7363) at pc=0x00007ffa96921f28, pid=50168, tid=69700
#
# JRE version: Java(TM) SE Runtime Environment (8.0_51-b16) (build 1.8.0_51-b16)
# Java VM: Java HotSpot(TM) 64-Bit Server VM (25.51-b03 mixed mode windows-amd64 compressed oops)
# Problematic frame:
# C  [KERNELBASE.dll+0x71f28]
#
# Failed to write core dump. Minidumps are not enabled by default on client versions of Windows
#
# If you would like to submit a bug report, please visit:
#   http://bugreport.java.com/bugreport/crash.jsp
# The crash happened outside the Java Virtual Machine in native code.
# See problematic frame for where to report the bug.
#

---------------  T H R E A D  ---------------

Current thread (0x0000000002d12800):  JavaThread "main" [_thread_in_native, id=69700, stack(0x0000000002bc0000,0x0000000002cc0000)]

siginfo: ExceptionCode=0xe06d7363, ExceptionInformation=0x0000000019930520 0x0000000002cae6e0 0x00007ffa6fcff908 0x00007ffa6fac0000 

Registers:
RAX=0x00000000171397b0, RBX=0x00007ffa6fcff908, RCX=0x000000000302b2d0, RDX=0x0000000000000000
RSP=0x0000000002cae550, RBP=0x0000000002cae690, RSI=0x00007ffa6fc91b88, RDI=0x0000000002cae6e0
R8 =0x00000000191d67d8, R9 =0x0000000002000002, R10=0x000000001704f910, R11=0x0000000017046800
R12=0x00000000ffffff29, R13=0x0000000000000000, R14=0x00007ffa6fc91940, R15=0x0000000002cbe8b8
RIP=0x00007ffa96921f28, EFLAGS=0x0000000000000206

Top of Stack: (sp=0x0000000002cae550)
0x0000000002cae550:   0000000016fd6f18 00007ffa6fcff908
0x0000000002cae560:   00007ffa6fc91b88 0000000002cae6e0
0x0000000002cae570:   00000001e06d7363 0000000000000000
0x0000000002cae580:   00007ffa96921f28 0000000000000004
0x0000000002cae590:   0000000019930520 0000000002cae6e0
0x0000000002cae5a0:   00007ffa6fcff908 00007ffa6fac0000
0x0000000002cae5b0:   00000000ffffff29 0000000002cae6e0
0x0000000002cae5c0:   00007ffa6fc91b88 0000000002cae6a0
0x0000000002cae5d0:   0000000002cae690 00007ffa9993782f
0x0000000002cae5e0:   0000000000000000 00007ffa00000000
0x0000000002cae5f0:   0000000002cae6e0 00007ffa8a27d306
0x0000000002cae600:   00007ffa6fd20000 00007ffa6fac0000
0x0000000002cae610:   00002a40ba32b00f 00007ffa8a2fc4d0
0x0000000002cae620:   00007ffa6fcff908 00007ffa8a27ef63
0x0000000002cae630:   0000000002cae6e0 00007ffa8a24eb8d
0x0000000002cae640:   00007ffa8a2fc4d0 00007ffa6fc91b88 

Instructions: (pc=0x00007ffa96921f28)
0x00007ffa96921f08:   49 8b d1 44 0f 47 c0 44 89 44 24 38 49 c1 e0 03
0x00007ffa96921f18:   e8 27 b2 00 00 48 8d 4c 24 20 ff 15 c8 a7 05 00
0x00007ffa96921f28:   48 8b 8c 24 c0 00 00 00 48 33 cc e8 98 7a 00 00
0x00007ffa96921f38:   48 81 c4 d8 00 00 00 c3 83 64 24 38 00 eb d6 cc 


Register to memory mapping:

RAX=0x00000000171397b0 is pointing into metadata
RBX=0x00007ffa6fcff908 is an unknown value
RCX=0x000000000302b2d0 is at entry_point+-816 in (nmethod*)0x000000000302b2d0
RDX=0x0000000000000000 is an unknown value
RSP=0x0000000002cae550 is pointing into the stack for thread: 0x0000000002d12800
RBP=0x0000000002cae690 is pointing into the stack for thread: 0x0000000002d12800
RSI=0x00007ffa6fc91b88 is an unknown value
RDI=0x0000000002cae6e0 is pointing into the stack for thread: 0x0000000002d12800
R8 =0x00000000191d67d8 is an unknown value
R9 =0x0000000002000002 is an unknown value
R10=0x000000001704f910 is pointing into metadata
R11=0x0000000017046800 is pointing into metadata
R12=0x00000000ffffff29 is an unallocated location in the heap
R13=0x0000000000000000 is an unknown value
R14=0x00007ffa6fc91940 is an unknown value
R15=0x0000000002cbe8b8 is pointing into the stack for thread: 0x0000000002d12800


Stack: [0x0000000002bc0000,0x0000000002cc0000],  sp=0x0000000002cae550,  free space=953k
Native frames: (J=compiled Java code, j=interpreted, Vv=VM code, C=native code)
C  [KERNELBASE.dll+0x71f28]
C  [msvcr120.dll+0x5ef63]
C  [opencv_core310.dll+0x19b5a4]
C  [opencv_core310.dll+0x19b6e6]
C  [opencv_core310.dll+0x6277f]
C  [jniopencv_core.dll+0xdd94b]
C  0x0000000002e25e34

Java frames: (J=compiled Java code, j=interpreted, Vv=VM code)
j  org.bytedeco.javacpp.opencv_core.cvCopy(Lorg/bytedeco/javacpp/helper/opencv_core$CvArr;Lorg/bytedeco/javacpp/helper/opencv_core$CvArr;)V+0
J 574% C2 SampleCode.main([Ljava/lang/String;)V (1197 bytes) @ 0x0000000003132424 [0x0000000003130080+0x23a4]
v  ~StubRoutines::call_stub
j  sun.reflect.NativeMethodAccessorImpl.invoke0(Ljava/lang/reflect/Method;Ljava/lang/Object;[Ljava/lang/Object;)Ljava/lang/Object;+0
j  sun.reflect.NativeMethodAccessorImpl.invoke(Ljava/lang/Object;[Ljava/lang/Object;)Ljava/lang/Object;+100
j  sun.reflect.DelegatingMethodAccessorImpl.invoke(Ljava/lang/Object;[Ljava/lang/Object;)Ljava/lang/Object;+6
j  java.lang.reflect.Method.invoke(Ljava/lang/Object;[Ljava/lang/Object;)Ljava/lang/Object;+56
j  com.intellij.rt.execution.application.AppMain.main([Ljava/lang/String;)V+180
v  ~StubRoutines::call_stub

---------------  P R O C E S S  ---------------

Java Threads: ( => current thread )
  0x00000000192d6000 JavaThread "Monitor Ctrl-Break" daemon [_thread_in_native, id=66676, stack(0x00000000195e0000,0x00000000196e0000)]
  0x0000000019008800 JavaThread "Service Thread" daemon [_thread_blocked, id=66268, stack(0x00000000193e0000,0x00000000194e0000)]
  0x000000001778b000 JavaThread "C1 CompilerThread2" daemon [_thread_blocked, id=70276, stack(0x0000000018ee0000,0x0000000018fe0000)]
  0x0000000017784000 JavaThread "C2 CompilerThread1" daemon [_thread_blocked, id=74640, stack(0x0000000018de0000,0x0000000018ee0000)]
  0x0000000017781800 JavaThread "C2 CompilerThread0" daemon [_thread_blocked, id=47684, stack(0x0000000018ce0000,0x0000000018de0000)]
  0x000000001777f800 JavaThread "Attach Listener" daemon [_thread_blocked, id=66928, stack(0x0000000018be0000,0x0000000018ce0000)]
  0x000000001777e800 JavaThread "Signal Dispatcher" daemon [_thread_blocked, id=63696, stack(0x0000000018ae0000,0x0000000018be0000)]
  0x0000000002e08000 JavaThread "Finalizer" daemon [_thread_blocked, id=69788, stack(0x00000000189e0000,0x0000000018ae0000)]
  0x0000000002dff000 JavaThread "Reference Handler" daemon [_thread_blocked, id=62296, stack(0x00000000188e0000,0x00000000189e0000)]
=>0x0000000002d12800 JavaThread "main" [_thread_in_native, id=69700, stack(0x0000000002bc0000,0x0000000002cc0000)]

Other Threads:
  0x0000000017748000 VMThread [stack: 0x00000000187e0000,0x00000000188e0000] [id=71580]
  0x0000000019021800 WatcherThread [stack: 0x00000000194e0000,0x00000000195e0000] [id=66736]

VM state:not at safepoint (normal execution)

VM Mutex/Monitor currently owned by a thread: None

Heap:
 PSYoungGen      total 36864K, used 4457K [0x00000000d6e00000, 0x00000000d9700000, 0x0000000100000000)
  eden space 31744K, 4% used [0x00000000d6e00000,0x00000000d6f83408,0x00000000d8d00000)
  from space 5120K, 56% used [0x00000000d8d00000,0x00000000d8fd7118,0x00000000d9200000)
  to   space 5120K, 0% used [0x00000000d9200000,0x00000000d9200000,0x00000000d9700000)
 ParOldGen       total 84992K, used 16K [0x0000000084a00000, 0x0000000089d00000, 0x00000000d6e00000)
  object space 84992K, 0% used [0x0000000084a00000,0x0000000084a04000,0x0000000089d00000)
 Metaspace       used 6099K, capacity 6624K, committed 6912K, reserved 1056768K
  class space    used 644K, capacity 656K, committed 768K, reserved 1048576K

Card table byte_map: [0x00000000121d0000,0x00000000125b0000] byte_map_base: 0x0000000011dab000

Marking Bits: (ParMarkBitMap*) 0x000000006fc34040
 Begin Bits: [0x0000000012c50000, 0x0000000014b28000)
 End Bits:   [0x0000000014b28000, 0x0000000016a00000)

Polling page: 0x00000000013d0000

CodeCache: size=245760Kb used=3301Kb max_used=3312Kb free=242458Kb
 bounds [0x0000000002e10000, 0x0000000003150000, 0x0000000011e10000]
 total_blobs=998 nmethods=614 adapters=297
 compilation: enabled

Compilation events (10 events):
Event: 42.760 Thread 0x0000000017781800  610       4       java.lang.Math::abs (11 bytes)
Event: 42.760 Thread 0x0000000017781800 nmethod 610 0x000000000313bd90 code [0x000000000313bec0, 0x000000000313bf18]
Event: 42.760 Thread 0x000000001778b000  611   !   3       org.bytedeco.javacpp.Pointer::deallocator (286 bytes)
Event: 42.763 Thread 0x0000000017784000  613       4       java.util.LinkedList$ListItr::hasNext (20 bytes)
Event: 42.764 Thread 0x0000000017784000 nmethod 613 0x000000000313bb50 code [0x000000000313bc80, 0x000000000313bcf8]
Event: 42.764 Thread 0x0000000017781800  614       4       java.util.LinkedList$ListItr::next (56 bytes)
Event: 42.765 Thread 0x000000001778b000 nmethod 611 0x0000000003147ed0 code [0x00000000031484e0, 0x000000000314cbc8]
Event: 42.765 Thread 0x000000001778b000  612       1       ImageDetails::getModifiedImage (5 bytes)
Event: 42.765 Thread 0x0000000017781800 nmethod 614 0x000000000313b810 code [0x000000000313b960, 0x000000000313ba58]
Event: 42.765 Thread 0x000000001778b000 nmethod 612 0x000000000313b550 code [0x000000000313b6a0, 0x000000000313b7b0]

GC Heap History (2 events):
Event: 42.694 GC heap before
{Heap before GC invocations=1 (full 0):
 PSYoungGen      total 36864K, used 31744K [0x00000000d6e00000, 0x00000000d9700000, 0x0000000100000000)
  eden space 31744K, 100% used [0x00000000d6e00000,0x00000000d8d00000,0x00000000d8d00000)
  from space 5120K, 0% used [0x00000000d9200000,0x00000000d9200000,0x00000000d9700000)
  to   space 5120K, 0% used [0x00000000d8d00000,0x00000000d8d00000,0x00000000d9200000)
 ParOldGen       total 84992K, used 0K [0x0000000084a00000, 0x0000000089d00000, 0x00000000d6e00000)
  object space 84992K, 0% used [0x0000000084a00000,0x0000000084a00000,0x0000000089d00000)
 Metaspace       used 6082K, capacity 6624K, committed 6912K, reserved 1056768K
  class space    used 644K, capacity 656K, committed 768K, reserved 1048576K
Event: 42.710 GC heap after
Heap after GC invocations=1 (full 0):
 PSYoungGen      total 36864K, used 2908K [0x00000000d6e00000, 0x00000000d9700000, 0x0000000100000000)
  eden space 31744K, 0% used [0x00000000d6e00000,0x00000000d6e00000,0x00000000d8d00000)
  from space 5120K, 56% used [0x00000000d8d00000,0x00000000d8fd7118,0x00000000d9200000)
  to   space 5120K, 0% used [0x00000000d9200000,0x00000000d9200000,0x00000000d9700000)
 ParOldGen       total 84992K, used 16K [0x0000000084a00000, 0x0000000089d00000, 0x00000000d6e00000)
  object space 84992K, 0% used [0x0000000084a00000,0x0000000084a04000,0x0000000089d00000)
 Metaspace       used 6082K, capacity 6624K, committed 6912K, reserved 1056768K
  class space    used 644K, capacity 656K, committed 768K, reserved 1048576K
}

Deoptimization events (6 events):
Event: 0.239 Thread 0x0000000002d12800 Uncommon trap: reason=unstable_if action=reinterpret pc=0x0000000002f3baf8 method=java.lang.String.hashCode()I @ 14
Event: 0.350 Thread 0x0000000002d12800 Uncommon trap: reason=unstable_if action=reinterpret pc=0x0000000002f8ac84 method=java.lang.String.indexOf([CII[CIII)I @ 123
Event: 41.280 Thread 0x0000000002d12800 Uncommon trap: reason=unreached action=reinterpret pc=0x00000000030cf87c method=SampleCode.main([Ljava/lang/String;)V @ 1001
Event: 41.377 Thread 0x0000000002d12800 Uncommon trap: reason=unreached action=reinterpret pc=0x0000000003100700 method=SampleCode.main([Ljava/lang/String;)V @ 1024
Event: 41.478 Thread 0x0000000002d12800 Uncommon trap: reason=unstable_if action=reinterpret pc=0x0000000003109fbc method=SampleCode.main([Ljava/lang/String;)V @ 1001
Event: 41.592 Thread 0x0000000002d12800 Uncommon trap: reason=unstable_if action=reinterpret pc=0x0000000003114058 method=SampleCode.main([Ljava/lang/String;)V @ 1001

Internal exceptions (10 events):
Event: 0.234 Thread 0x0000000002d12800 Exception <a 'java/security/PrivilegedActionException'> (0x00000000d712c338) thrown at [C:\re\workspace\8-2-build-windows-amd64-cygwin\jdk8u51\3951\hotspot\src\share\vm\prims\jvm.cpp, line 1382]
Event: 0.234 Thread 0x0000000002d12800 Exception <a 'java/security/PrivilegedActionException'> (0x00000000d712c4f0) thrown at [C:\re\workspace\8-2-build-windows-amd64-cygwin\jdk8u51\3951\hotspot\src\share\vm\prims\jvm.cpp, line 1382]
Event: 0.234 Thread 0x0000000002d12800 Exception <a 'java/security/PrivilegedActionException'> (0x00000000d712d778) thrown at [C:\re\workspace\8-2-build-windows-amd64-cygwin\jdk8u51\3951\hotspot\src\share\vm\prims\jvm.cpp, line 1382]
Event: 0.234 Thread 0x0000000002d12800 Exception <a 'java/security/PrivilegedActionException'> (0x00000000d712d930) thrown at [C:\re\workspace\8-2-build-windows-amd64-cygwin\jdk8u51\3951\hotspot\src\share\vm\prims\jvm.cpp, line 1382]
Event: 0.234 Thread 0x0000000002d12800 Exception <a 'java/security/PrivilegedActionException'> (0x00000000d712eb28) thrown at [C:\re\workspace\8-2-build-windows-amd64-cygwin\jdk8u51\3951\hotspot\src\share\vm\prims\jvm.cpp, line 1382]
Event: 0.234 Thread 0x0000000002d12800 Exception <a 'java/security/PrivilegedActionException'> (0x00000000d712ece0) thrown at [C:\re\workspace\8-2-build-windows-amd64-cygwin\jdk8u51\3951\hotspot\src\share\vm\prims\jvm.cpp, line 1382]
Event: 0.357 Thread 0x0000000002d12800 Exception <a 'java/security/PrivilegedActionException'> (0x00000000d73ab7b0) thrown at [C:\re\workspace\8-2-build-windows-amd64-cygwin\jdk8u51\3951\hotspot\src\share\vm\prims\jvm.cpp, line 1382]
Event: 0.357 Thread 0x0000000002d12800 Exception <a 'java/security/PrivilegedActionException'> (0x00000000d73ab968) thrown at [C:\re\workspace\8-2-build-windows-amd64-cygwin\jdk8u51\3951\hotspot\src\share\vm\prims\jvm.cpp, line 1382]
Event: 0.358 Thread 0x0000000002d12800 Exception <a 'java/security/PrivilegedActionException'> (0x00000000d73af700) thrown at [C:\re\workspace\8-2-build-windows-amd64-cygwin\jdk8u51\3951\hotspot\src\share\vm\prims\jvm.cpp, line 1382]
Event: 0.358 Thread 0x0000000002d12800 Exception <a 'java/security/PrivilegedActionException'> (0x00000000d73af8b8) thrown at [C:\re\workspace\8-2-build-windows-amd64-cygwin\jdk8u51\3951\hotspot\src\share\vm\prims\jvm.cpp, line 1382]

Events (10 events):
Event: 41.478 Thread 0x0000000002d12800 Uncommon trap: trap_request=0xffffff65 fr.pc=0x0000000003109fbc
Event: 41.478 Thread 0x0000000002d12800 DEOPT PACKING pc=0x0000000003109fbc sp=0x0000000002cbeba0
Event: 41.478 Thread 0x0000000002d12800 DEOPT UNPACKING pc=0x0000000002e5582a sp=0x0000000002cbebd0 mode 2
Event: 41.592 Thread 0x0000000002d12800 Uncommon trap: trap_request=0xffffff65 fr.pc=0x0000000003114058
Event: 41.592 Thread 0x0000000002d12800 DEOPT PACKING pc=0x0000000003114058 sp=0x0000000002cbebb0
Event: 41.592 Thread 0x0000000002d12800 DEOPT UNPACKING pc=0x0000000002e5582a sp=0x0000000002cbebd0 mode 2
Event: 41.730 Thread 0x0000000002d12800 DEOPT PACKING pc=0x0000000003121e31 sp=0x0000000002cbe7e0
Event: 41.730 Thread 0x0000000002d12800 DEOPT UNPACKING pc=0x0000000002e5787f sp=0x0000000002cbe950 mode 0
Event: 42.693 Executing VM operation: ParallelGCFailedAllocation
Event: 42.710 Executing VM operation: ParallelGCFailedAllocation done


Dynamic libraries:
0x00007ff64b870000 - 0x00007ff64b8a7000 	C:\Program Files\Java\jdk1.8.0_51\bin\java.exe
0x00007ffa99900000 - 0x00007ffa99ac1000 	C:\WINDOWS\SYSTEM32\ntdll.dll
0x00007ffa99690000 - 0x00007ffa9973d000 	C:\WINDOWS\system32\KERNEL32.DLL
0x00007ffa968b0000 - 0x00007ffa96a98000 	C:\WINDOWS\system32\KERNELBASE.dll
0x00007ffa98cd0000 - 0x00007ffa98d77000 	C:\WINDOWS\system32\ADVAPI32.dll
0x00007ffa98740000 - 0x00007ffa987dd000 	C:\WINDOWS\system32\msvcrt.dll
0x00007ffa96e60000 - 0x00007ffa96ebb000 	C:\WINDOWS\system32\sechost.dll
0x00007ffa98420000 - 0x00007ffa9853c000 	C:\WINDOWS\system32\RPCRT4.dll
0x00007ffa985e0000 - 0x00007ffa98736000 	C:\WINDOWS\system32\USER32.dll
0x00007ffa992f0000 - 0x00007ffa99476000 	C:\WINDOWS\system32\GDI32.dll
0x00007ffa8d1e0000 - 0x00007ffa8d454000 	C:\WINDOWS\WinSxS\amd64_microsoft.windows.common-controls_6595b64144ccf1df_6.0.10586.672_none_a2d6b3cea53ff843\COMCTL32.dll
0x00007ffa98e50000 - 0x00007ffa990cd000 	C:\WINDOWS\system32\combase.dll
0x00007ffa96b60000 - 0x00007ffa96bca000 	C:\WINDOWS\system32\bcryptPrimitives.dll
0x00007ffa985a0000 - 0x00007ffa985db000 	C:\WINDOWS\system32\IMM32.DLL
0x000000006fcc0000 - 0x000000006fd92000 	C:\Program Files\Java\jdk1.8.0_51\jre\bin\msvcr100.dll
0x000000006f430000 - 0x000000006fcb3000 	C:\Program Files\Java\jdk1.8.0_51\jre\bin\server\jvm.dll
0x00007ffa990d0000 - 0x00007ffa990d8000 	C:\WINDOWS\system32\PSAPI.DLL
0x00007ffa889a0000 - 0x00007ffa889a9000 	C:\WINDOWS\SYSTEM32\WSOCK32.dll
0x00007ffa8de50000 - 0x00007ffa8de73000 	C:\WINDOWS\SYSTEM32\WINMM.dll
0x00007ffa99890000 - 0x00007ffa998fb000 	C:\WINDOWS\system32\WS2_32.dll
0x00007ffa952d0000 - 0x00007ffa952da000 	C:\WINDOWS\SYSTEM32\VERSION.dll
0x00007ffa8ddb0000 - 0x00007ffa8dddc000 	C:\WINDOWS\SYSTEM32\WINMMBASE.dll
0x00007ffa96210000 - 0x00007ffa96253000 	C:\WINDOWS\system32\cfgmgr32.dll
0x0000000070a00000 - 0x0000000070a0f000 	C:\Program Files\Java\jdk1.8.0_51\jre\bin\verify.dll
0x000000006f400000 - 0x000000006f429000 	C:\Program Files\Java\jdk1.8.0_51\jre\bin\java.dll
0x000000006f3e0000 - 0x000000006f3f6000 	C:\Program Files\Java\jdk1.8.0_51\jre\bin\zip.dll
0x00007ffa96ec0000 - 0x00007ffa9841c000 	C:\WINDOWS\system32\SHELL32.dll
0x00007ffa96260000 - 0x00007ffa968a5000 	C:\WINDOWS\system32\windows.storage.dll
0x00007ffa99480000 - 0x00007ffa994d2000 	C:\WINDOWS\system32\shlwapi.dll
0x00007ffa95f20000 - 0x00007ffa95f2f000 	C:\WINDOWS\system32\kernel.appcore.dll
0x00007ffa96aa0000 - 0x00007ffa96b55000 	C:\WINDOWS\system32\shcore.dll
0x00007ffa95f40000 - 0x00007ffa95f8b000 	C:\WINDOWS\system32\powrprof.dll
0x00007ffa95f00000 - 0x00007ffa95f14000 	C:\WINDOWS\system32\profapi.dll
0x00007ffa92c70000 - 0x00007ffa92c80000 	C:\Program Files (x86)\JetBrains\IntelliJ IDEA Community Edition 15.0.4\bin\breakgen64.dll
0x000000006f3c0000 - 0x000000006f3da000 	C:\Program Files\Java\jdk1.8.0_51\jre\bin\net.dll
0x00007ffa95830000 - 0x00007ffa9588c000 	C:\WINDOWS\system32\mswsock.dll
0x00007ffa8a220000 - 0x00007ffa8a30f000 	C:\Users\rg\AppData\Local\Temp\javacpp1127819249567561\msvcr120.dll
0x00007ffa8b320000 - 0x00007ffa8b3c6000 	C:\Users\rg\AppData\Local\Temp\javacpp1127819249567561\msvcp120.dll
0x00007ffa6fac0000 - 0x00007ffa6fd39000 	C:\Users\rg\AppData\Local\Temp\javacpp1127819249567561\opencv_core310.dll
0x00007ffa64410000 - 0x00007ffa64751000 	C:\Users\rg\AppData\Local\Temp\javacpp1127819249567561\opencv_imgproc310.dll
0x00007ffa6f8c0000 - 0x00007ffa6fab8000 	C:\Users\rg\AppData\Local\Temp\javacpp1127819249567561\jniopencv_core.dll
0x00007ffa8a170000 - 0x00007ffa8a216000 	C:\Users\rg\AppData\Local\Temp\javacpp1127819249567561\jniopencv_imgproc.dll
0x00007ffa61010000 - 0x00007ffa612d8000 	C:\Users\rg\AppData\Local\Temp\javacpp1127819249567561\opencv_imgcodecs310.dll
0x00007ffa8bcb0000 - 0x00007ffa8bccc000 	C:\Users\rg\AppData\Local\Temp\javacpp1127819249567561\jniopencv_imgcodecs.dll
0x00007ffa74600000 - 0x00007ffa7478c000 	C:\WINDOWS\SYSTEM32\dbghelp.dll

VM Arguments:
jvm_args: -Djavacpp.platform.dependencies=true -Djava.library.path=C:\googs\mosaic\lib\ -Didea.launcher.port=7534 -Didea.launcher.bin.path=C:\Program Files (x86)\JetBrains\IntelliJ IDEA Community Edition 15.0.4\bin -Dfile.encoding=UTF-8 
java_command: com.intellij.rt.execution.application.AppMain SampleCode C:\googs\mosaic\src\main\resources\source1 C:\googs\mosaic\src\main\resources\target4 80 60
java_class_path (initial): C:\Program Files\Java\jdk1.8.0_51\jre\lib\charsets.jar;C:\Program Files\Java\jdk1.8.0_51\jre\lib\deploy.jar;C:\Program Files\Java\jdk1.8.0_51\jre\lib\javaws.jar;C:\Program Files\Java\jdk1.8.0_51\jre\lib\jce.jar;C:\Program Files\Java\jdk1.8.0_51\jre\lib\jfr.jar;C:\Program Files\Java\jdk1.8.0_51\jre\lib\jfxswt.jar;C:\Program Files\Java\jdk1.8.0_51\jre\lib\jsse.jar;C:\Program Files\Java\jdk1.8.0_51\jre\lib\management-agent.jar;C:\Program Files\Java\jdk1.8.0_51\jre\lib\plugin.jar;C:\Program Files\Java\jdk1.8.0_51\jre\lib\resources.jar;C:\Program Files\Java\jdk1.8.0_51\jre\lib\rt.jar;C:\Program Files\Java\jdk1.8.0_51\jre\lib\ext\access-bridge-64.jar;C:\Program Files\Java\jdk1.8.0_51\jre\lib\ext\cldrdata.jar;C:\Program Files\Java\jdk1.8.0_51\jre\lib\ext\dnsns.jar;C:\Program Files\Java\jdk1.8.0_51\jre\lib\ext\jaccess.jar;C:\Program Files\Java\jdk1.8.0_51\jre\lib\ext\jfxrt.jar;C:\Program Files\Java\jdk1.8.0_51\jre\lib\ext\localedata.jar;C:\Program Files\Java\jdk1.8.0_51\jre\lib\ext\nashorn.jar;C:\Program Files\Java\jdk1.8.0_51\jre\lib\ext\sunec.jar;C:\Program Files\Java\jdk1.8.0_51\jre\lib\ext\sunjce_provider.jar;C:\Program Files\Java\jdk1.8.0_51\jre\lib\ext\sunmscapi.jar;C:\Program Files\Java\jdk1.8.0_51\jre\lib\ext\sunpkcs11.jar;C:\Program Files\Java\jdk1.8.0_51\jre\lib\ext\zipfs.jar;C:\googs\mosaic\target\classes;C:\Users\rg\.m2\repository\org\bytedeco\javacv\1.2\javacv-1.2.jar;C:\Users\rg\.m2\repository\org\bytedeco\javacpp\1.2\javacpp-1.2.jar;C:\Users\rg\.m2\repository\org\bytedeco\javacpp-presets\opencv\3.1.0-1.2\opencv-3.1.0-1.2.jar;C:\Users\rg\.m2\repository\org\bytedeco\javacpp-presets\opencv\3.1.0-1.2\opencv-3.1.0-1.2-windows-x86.jar;C:\Users\rg\.m2\repository\org\bytedeco\javacpp-presets\ffmpeg\3.0.2-1.2\ffmpeg-3.0.2-1.2.jar;C:\Users\rg\.m2\repository\org\bytedeco\javacpp-presets\ffmpeg\3.0.2-1.2\ffmpeg-3.0.2-1.2-windows-x86.jar;C:\Users\rg\.m2\repository\org\bytedeco\javacpp-presets\flycapture\2.9.3.43-1.2\flycapture-2.9.3.43-1.2.jar
Launcher Type: SUN_STANDARD

Environment Variables:
JAVA_HOME=C:\Program Files\Java\jdk1.7.0_67
CLASSPATH=%CLASSPATH%;%TESTNG_HOME%\testng-6.9.4.jar;C:\TESTNG\testng-6.9.4.jar;C:\TESTNG\testng-6.9.4.jar
PATH=C:\ProgramData\Oracle\Java\javapath;C:\app\rg\product\11.2.0\dbhome_1\bin;C:\WINDOWS\system32;C:\WINDOWS;C:\WINDOWS\System32\Wbem;C:\WINDOWS\System32\WindowsPowerShell\v1.0\;C:\Program Files\ThinkPad\Bluetooth Software\;C:\Program Files\ThinkPad\Bluetooth Software\syswow64;C:\spring\apache-maven-3.3.3\bin;C:\Program Files (x86)\Git\cmd;C:\Program Files (x86)\WinMerge;C:\Program Files (x86)\WebEx\PTools020000000;C:\Program Files (x86)\Sennheiser\SoftphoneSDK\;C:\Program Files\Intel\WiFi\bin\;C:\Program Files\Common Files\Intel\WirelessCommon\;C:\Python27;C:\app\rg\product\11.2.0\dbhome_1\bin;C:\WINDOWS\system32;C:\WINDOWS;C:\WINDOWS\System32\Wbem;C:\WINDOWS\System32\WindowsPowerShell\v1.0\;C:\Program Files (x86)\QuickTime\QTSystem\;C:\Program Files\Perforce;C:\Users\rg\AppData\Roaming\Python\Scripts;C:\Program Files (x86)\GnuWin32\bin;C:\apache-ant-1.9.4\bin;C:\php;C:\instantclient;C:\googs\sdugui\libs;C:\Program Files\Java\jdk1.7.0_67\bin;C:\Users\rg\AppData\Local\Android\sdk\tools;C:\apache-maven-3.3.3\bin;C:\Users\rg\AppData\Local\Android\sdk;C:\Users\rg\AppData\Local\Android\ndk;C:\Users\rg\Downloads\curl-7.44.0;C:\Users\rg\AppData\Local\Google\Cloud SDK\google-cloud-sdk\bin;C:\Program Files (x86)\Google\google_appengine\;C:\Program Files\Intel\WiFi\bin\;C:\Program Files\Common Files\Intel\WirelessCommon\
USERNAME=rg
OS=Windows_NT
PROCESSOR_IDENTIFIER=Intel64 Family 6 Model 58 Stepping 9, GenuineIntel



---------------  S Y S T E M  ---------------

OS: Windows 10.0 , 64 bit Build 10586 (10.0.10586.589)

CPU:total 4 (2 cores per cpu, 2 threads per core) family 6 model 58 stepping 9, cmov, cx8, fxsr, mmx, sse, sse2, sse3, ssse3, sse4.1, sse4.2, popcnt, avx, aes, clmul, erms, ht, tsc, tscinvbit, tscinv

Memory: 4k page, physical 8078856k(92620k free), swap 16205320k(1638136k free)

vm_info: Java HotSpot(TM) 64-Bit Server VM (25.51-b03) for windows-amd64 JRE (1.8.0_51-b16), built on Jun  8 2015 18:03:07 by "java_re" with MS VC++ 10.0 (VS2010)

time: Thu Dec 01 19:59:44 2016
elapsed time: 42 seconds (0d 0h 0m 42s)

