#
# A fatal error has been detected by the Java Runtime Environment:
#
#  EXCEPTION_UNCAUGHT_CXX_EXCEPTION (0xe06d7363) at pc=0x00007ffa96921f28, pid=40476, tid=17652
#
# JRE version: Java(TM) SE Runtime Environment (8.0_51-b16) (build 1.8.0_51-b16)
# Java VM: Java HotSpot(TM) 64-Bit Server VM (25.51-b03 mixed mode windows-amd64 compressed oops)
# Problematic frame:
# C  [KERNELBASE.dll+0x71f28]
#
# Failed to write core dump. Minidumps are not enabled by default on client versions of Windows
#
# If you would like to submit a bug report, please visit:
#   http://bugreport.java.com/bugreport/crash.jsp
# The crash happened outside the Java Virtual Machine in native code.
# See problematic frame for where to report the bug.
#

---------------  T H R E A D  ---------------

Current thread (0x0000000002fd2800):  JavaThread "main" [_thread_in_native, id=17652, stack(0x0000000002ed0000,0x0000000002fd0000)]

siginfo: ExceptionCode=0xe06d7363, ExceptionInformation=0x0000000019930520 0x0000000002fbea30 0x00007ffa65f6f908 0x00007ffa65d30000 

Registers:
RAX=0x000000001730f470, RBX=0x00007ffa65f6f908, RCX=0x0000000017306880, RDX=0x000000001730f430
RSP=0x0000000002fbe8a0, RBP=0x0000000002fbe9e0, RSI=0x00007ffa65f01b88, RDI=0x0000000002fbea30
R8 =0x0000000100004228, R9 =0x0000000002000002, R10=0x0000000100004228, R11=0x00000000030d7ced
R12=0x00000000ffffff29, R13=0x0000000000000000, R14=0x00007ffa65f01940, R15=0x0000000002fcec08
RIP=0x00007ffa96921f28, EFLAGS=0x0000000000000202

Top of Stack: (sp=0x0000000002fbe8a0)
0x0000000002fbe8a0:   0000000000000000 00007ffa65f6f908
0x0000000002fbe8b0:   00007ffa65f01b88 0000000002fbea30
0x0000000002fbe8c0:   00000001e06d7363 0000000000000000
0x0000000002fbe8d0:   00007ffa96921f28 0000000000000004
0x0000000002fbe8e0:   0000000019930520 0000000002fbea30
0x0000000002fbe8f0:   00007ffa65f6f908 00007ffa65d30000
0x0000000002fbe900:   00000000ffffff29 0000000002fbea30
0x0000000002fbe910:   00007ffa65f01b88 0000000002fbe9f0
0x0000000002fbe920:   0000000002fbe9e0 00007ffa9993782f
0x0000000002fbe930:   0000000000000000 00007ffa00000000
0x0000000002fbe940:   0000000002fbea30 00007ffa6fcad306
0x0000000002fbe950:   00007ffa65f90000 00007ffa65d30000
0x0000000002fbe960:   00004513db9130b6 00007ffa6fd2c4d0
0x0000000002fbe970:   00007ffa65f6f908 00007ffa6fcaef63
0x0000000002fbe980:   0000000002fbea30 00007ffa6fc7eb8d
0x0000000002fbe990:   00007ffa6fd2c4d0 00007ffa65f01b88 

Instructions: (pc=0x00007ffa96921f28)
0x00007ffa96921f08:   49 8b d1 44 0f 47 c0 44 89 44 24 38 49 c1 e0 03
0x00007ffa96921f18:   e8 27 b2 00 00 48 8d 4c 24 20 ff 15 c8 a7 05 00
0x00007ffa96921f28:   48 8b 8c 24 c0 00 00 00 48 33 cc e8 98 7a 00 00
0x00007ffa96921f38:   48 81 c4 d8 00 00 00 c3 83 64 24 38 00 eb d6 cc 


Register to memory mapping:

RAX=0x000000001730f470 is pointing into metadata
RBX=0x00007ffa65f6f908 is an unknown value
RCX=0x0000000017306880 is pointing into metadata
RDX=0x000000001730f430 is pointing into metadata
RSP=0x0000000002fbe8a0 is pointing into the stack for thread: 0x0000000002fd2800
RBP=0x0000000002fbe9e0 is pointing into the stack for thread: 0x0000000002fd2800
RSI=0x00007ffa65f01b88 is an unknown value
RDI=0x0000000002fbea30 is pointing into the stack for thread: 0x0000000002fd2800
R8 =0x0000000100004228 is pointing into metadata
R9 =0x0000000002000002 is an unknown value
R10=0x0000000100004228 is pointing into metadata
R11=0x00000000030d7ced is at code_begin+2093 in an Interpreter codelet
invoke return entry points  [0x00000000030d74c0, 0x00000000030d7dc0]  2304 bytes
R12=0x00000000ffffff29 is an unallocated location in the heap
R13=0x0000000000000000 is an unknown value
R14=0x00007ffa65f01940 is an unknown value
R15=0x0000000002fcec08 is pointing into the stack for thread: 0x0000000002fd2800


Stack: [0x0000000002ed0000,0x0000000002fd0000],  sp=0x0000000002fbe8a0,  free space=954k
Native frames: (J=compiled Java code, j=interpreted, Vv=VM code, C=native code)
C  [KERNELBASE.dll+0x71f28]
C  [msvcr120.dll+0x5ef63]
C  [opencv_core310.dll+0x19b5a4]
C  [opencv_core310.dll+0x19b6e6]
C  [opencv_core310.dll+0x6277f]
C  [jniopencv_core.dll+0xdd94b]
C  0x00000000030e5e34

Java frames: (J=compiled Java code, j=interpreted, Vv=VM code)
j  org.bytedeco.javacpp.opencv_core.cvCopy(Lorg/bytedeco/javacpp/helper/opencv_core$CvArr;Lorg/bytedeco/javacpp/helper/opencv_core$CvArr;)V+0
j  SampleCode.main([Ljava/lang/String;)V+113
v  ~StubRoutines::call_stub
j  sun.reflect.NativeMethodAccessorImpl.invoke0(Ljava/lang/reflect/Method;Ljava/lang/Object;[Ljava/lang/Object;)Ljava/lang/Object;+0
j  sun.reflect.NativeMethodAccessorImpl.invoke(Ljava/lang/Object;[Ljava/lang/Object;)Ljava/lang/Object;+100
j  sun.reflect.DelegatingMethodAccessorImpl.invoke(Ljava/lang/Object;[Ljava/lang/Object;)Ljava/lang/Object;+6
j  java.lang.reflect.Method.invoke(Ljava/lang/Object;[Ljava/lang/Object;)Ljava/lang/Object;+56
j  com.intellij.rt.execution.application.AppMain.main([Ljava/lang/String;)V+180
v  ~StubRoutines::call_stub

---------------  P R O C E S S  ---------------

Java Threads: ( => current thread )
  0x0000000019504800 JavaThread "Monitor Ctrl-Break" daemon [_thread_in_native, id=22960, stack(0x0000000019890000,0x0000000019990000)]
  0x00000000192b7800 JavaThread "Service Thread" daemon [_thread_blocked, id=40576, stack(0x0000000019690000,0x0000000019790000)]
  0x0000000017a6c800 JavaThread "C1 CompilerThread2" daemon [_thread_blocked, id=35792, stack(0x0000000019190000,0x0000000019290000)]
  0x0000000017a43000 JavaThread "C2 CompilerThread1" daemon [_thread_blocked, id=34712, stack(0x0000000019090000,0x0000000019190000)]
  0x0000000017a40800 JavaThread "C2 CompilerThread0" daemon [_thread_blocked, id=34952, stack(0x0000000018f90000,0x0000000019090000)]
  0x0000000017a3e800 JavaThread "Attach Listener" daemon [_thread_blocked, id=41476, stack(0x0000000018e90000,0x0000000018f90000)]
  0x0000000017a3d000 JavaThread "Signal Dispatcher" daemon [_thread_blocked, id=32228, stack(0x0000000018d90000,0x0000000018e90000)]
  0x00000000030c7800 JavaThread "Finalizer" daemon [_thread_blocked, id=30008, stack(0x0000000018c90000,0x0000000018d90000)]
  0x00000000030bf000 JavaThread "Reference Handler" daemon [_thread_blocked, id=25488, stack(0x0000000018b90000,0x0000000018c90000)]
=>0x0000000002fd2800 JavaThread "main" [_thread_in_native, id=17652, stack(0x0000000002ed0000,0x0000000002fd0000)]

Other Threads:
  0x0000000017a07800 VMThread [stack: 0x0000000018a90000,0x0000000018b90000] [id=35668]
  0x00000000192c8800 WatcherThread [stack: 0x0000000019790000,0x0000000019890000] [id=5332]

VM state:not at safepoint (normal execution)

VM Mutex/Monitor currently owned by a thread: None

Heap:
 PSYoungGen      total 36864K, used 14149K [0x00000000d6e00000, 0x00000000d9700000, 0x0000000100000000)
  eden space 31744K, 44% used [0x00000000d6e00000,0x00000000d7bd14f8,0x00000000d8d00000)
  from space 5120K, 0% used [0x00000000d9200000,0x00000000d9200000,0x00000000d9700000)
  to   space 5120K, 0% used [0x00000000d8d00000,0x00000000d8d00000,0x00000000d9200000)
 ParOldGen       total 84992K, used 0K [0x0000000084a00000, 0x0000000089d00000, 0x00000000d6e00000)
  object space 84992K, 0% used [0x0000000084a00000,0x0000000084a00000,0x0000000089d00000)
 Metaspace       used 5845K, capacity 6560K, committed 6912K, reserved 1056768K
  class space    used 630K, capacity 656K, committed 768K, reserved 1048576K

Card table byte_map: [0x0000000012490000,0x0000000012870000] byte_map_base: 0x000000001206b000

Marking Bits: (ParMarkBitMap*) 0x000000006fc34040
 Begin Bits: [0x0000000012f10000, 0x0000000014de8000)
 End Bits:   [0x0000000014de8000, 0x0000000016cc0000)

Polling page: 0x00000000017a0000

CodeCache: size=245760Kb used=2361Kb max_used=2361Kb free=243399Kb
 bounds [0x00000000030d0000, 0x0000000003340000, 0x00000000120d0000]
 total_blobs=862 nmethods=474 adapters=301
 compilation: enabled

Compilation events (10 events):
Event: 1.530 Thread 0x0000000017a6c800 nmethod 467 0x000000000331da10 code [0x000000000331db80, 0x000000000331dd28]
Event: 1.530 Thread 0x0000000017a6c800  469       3       sun.reflect.annotation.AnnotationInvocationHandler::cloneArray (170 bytes)
Event: 1.531 Thread 0x0000000017a6c800 nmethod 469 0x000000000331bc50 code [0x000000000331bee0, 0x000000000331d248]
Event: 1.531 Thread 0x0000000017a6c800  470       3       java.util.Properties::getProperty (46 bytes)
Event: 1.531 Thread 0x0000000017a6c800 nmethod 470 0x000000000331b510 code [0x000000000331b6a0, 0x000000000331bb58]
Event: 1.531 Thread 0x0000000017a6c800  472       3       java.util.Hashtable$Enumerator::next (27 bytes)
Event: 1.531 Thread 0x0000000017a6c800 nmethod 472 0x000000000331b010 code [0x000000000331b1a0, 0x000000000331b3f8]
Event: 1.531 Thread 0x0000000017a6c800  473       3       java.util.Hashtable$Enumerator::nextElement (111 bytes)
Event: 1.532 Thread 0x0000000017a6c800 nmethod 473 0x000000000331e7d0 code [0x000000000331e960, 0x000000000331ed88]
Event: 1.532 Thread 0x0000000017a6c800  474       3       java.util.ArrayList::<init> (12 bytes)

GC Heap History (0 events):
No events

Deoptimization events (1 events):
Event: 0.202 Thread 0x0000000002fd2800 Uncommon trap: reason=unstable_if action=reinterpret pc=0x00000000031fbb78 method=java.lang.String.hashCode()I @ 14

Internal exceptions (10 events):
Event: 0.193 Thread 0x0000000002fd2800 Exception <a 'java/security/PrivilegedActionException'> (0x00000000d712be68) thrown at [C:\re\workspace\8-2-build-windows-amd64-cygwin\jdk8u51\3951\hotspot\src\share\vm\prims\jvm.cpp, line 1382]
Event: 0.193 Thread 0x0000000002fd2800 Exception <a 'java/security/PrivilegedActionException'> (0x00000000d712c020) thrown at [C:\re\workspace\8-2-build-windows-amd64-cygwin\jdk8u51\3951\hotspot\src\share\vm\prims\jvm.cpp, line 1382]
Event: 0.193 Thread 0x0000000002fd2800 Exception <a 'java/security/PrivilegedActionException'> (0x00000000d712d2a8) thrown at [C:\re\workspace\8-2-build-windows-amd64-cygwin\jdk8u51\3951\hotspot\src\share\vm\prims\jvm.cpp, line 1382]
Event: 0.193 Thread 0x0000000002fd2800 Exception <a 'java/security/PrivilegedActionException'> (0x00000000d712d460) thrown at [C:\re\workspace\8-2-build-windows-amd64-cygwin\jdk8u51\3951\hotspot\src\share\vm\prims\jvm.cpp, line 1382]
Event: 0.193 Thread 0x0000000002fd2800 Exception <a 'java/security/PrivilegedActionException'> (0x00000000d712e658) thrown at [C:\re\workspace\8-2-build-windows-amd64-cygwin\jdk8u51\3951\hotspot\src\share\vm\prims\jvm.cpp, line 1382]
Event: 0.193 Thread 0x0000000002fd2800 Exception <a 'java/security/PrivilegedActionException'> (0x00000000d712e810) thrown at [C:\re\workspace\8-2-build-windows-amd64-cygwin\jdk8u51\3951\hotspot\src\share\vm\prims\jvm.cpp, line 1382]
Event: 0.272 Thread 0x0000000002fd2800 Exception <a 'java/security/PrivilegedActionException'> (0x00000000d729c608) thrown at [C:\re\workspace\8-2-build-windows-amd64-cygwin\jdk8u51\3951\hotspot\src\share\vm\prims\jvm.cpp, line 1382]
Event: 0.272 Thread 0x0000000002fd2800 Exception <a 'java/security/PrivilegedActionException'> (0x00000000d729c7c0) thrown at [C:\re\workspace\8-2-build-windows-amd64-cygwin\jdk8u51\3951\hotspot\src\share\vm\prims\jvm.cpp, line 1382]
Event: 0.273 Thread 0x0000000002fd2800 Exception <a 'java/security/PrivilegedActionException'> (0x00000000d72a0558) thrown at [C:\re\workspace\8-2-build-windows-amd64-cygwin\jdk8u51\3951\hotspot\src\share\vm\prims\jvm.cpp, line 1382]
Event: 0.273 Thread 0x0000000002fd2800 Exception <a 'java/security/PrivilegedActionException'> (0x00000000d72a0710) thrown at [C:\re\workspace\8-2-build-windows-amd64-cygwin\jdk8u51\3951\hotspot\src\share\vm\prims\jvm.cpp, line 1382]

Events (10 events):
Event: 1.523 loading class sun/reflect/UnsafeFieldAccessorFactory
Event: 1.523 loading class sun/reflect/UnsafeFieldAccessorFactory done
Event: 1.523 loading class sun/reflect/UnsafeQualifiedStaticObjectFieldAccessorImpl
Event: 1.523 loading class sun/reflect/UnsafeQualifiedStaticFieldAccessorImpl
Event: 1.523 loading class sun/reflect/UnsafeQualifiedStaticFieldAccessorImpl done
Event: 1.523 loading class sun/reflect/UnsafeQualifiedStaticObjectFieldAccessorImpl done
Event: 1.523 loading class sun/misc/FDBigInteger
Event: 1.523 loading class sun/misc/FDBigInteger done
Event: 1.527 loading class org/bytedeco/javacpp/helper/opencv_core$AbstractIplImage$ReleaseDeallocator
Event: 1.527 loading class org/bytedeco/javacpp/helper/opencv_core$AbstractIplImage$ReleaseDeallocator done


Dynamic libraries:
0x00007ff66fec0000 - 0x00007ff66fef7000 	C:\Program Files\Java\jdk1.8.0_51\bin\java.exe
0x00007ffa99900000 - 0x00007ffa99ac1000 	C:\WINDOWS\SYSTEM32\ntdll.dll
0x00007ffa99690000 - 0x00007ffa9973d000 	C:\WINDOWS\system32\KERNEL32.DLL
0x00007ffa968b0000 - 0x00007ffa96a98000 	C:\WINDOWS\system32\KERNELBASE.dll
0x00007ffa98cd0000 - 0x00007ffa98d77000 	C:\WINDOWS\system32\ADVAPI32.dll
0x00007ffa98740000 - 0x00007ffa987dd000 	C:\WINDOWS\system32\msvcrt.dll
0x00007ffa96e60000 - 0x00007ffa96ebb000 	C:\WINDOWS\system32\sechost.dll
0x00007ffa98420000 - 0x00007ffa9853c000 	C:\WINDOWS\system32\RPCRT4.dll
0x00007ffa985e0000 - 0x00007ffa98736000 	C:\WINDOWS\system32\USER32.dll
0x00007ffa992f0000 - 0x00007ffa99476000 	C:\WINDOWS\system32\GDI32.dll
0x00007ffa8d1e0000 - 0x00007ffa8d454000 	C:\WINDOWS\WinSxS\amd64_microsoft.windows.common-controls_6595b64144ccf1df_6.0.10586.672_none_a2d6b3cea53ff843\COMCTL32.dll
0x00007ffa98e50000 - 0x00007ffa990cd000 	C:\WINDOWS\system32\combase.dll
0x00007ffa96b60000 - 0x00007ffa96bca000 	C:\WINDOWS\system32\bcryptPrimitives.dll
0x00007ffa985a0000 - 0x00007ffa985db000 	C:\WINDOWS\system32\IMM32.DLL
0x000000006fcc0000 - 0x000000006fd92000 	C:\Program Files\Java\jdk1.8.0_51\jre\bin\msvcr100.dll
0x000000006f430000 - 0x000000006fcb3000 	C:\Program Files\Java\jdk1.8.0_51\jre\bin\server\jvm.dll
0x00007ffa990d0000 - 0x00007ffa990d8000 	C:\WINDOWS\system32\PSAPI.DLL
0x00007ffa889a0000 - 0x00007ffa889a9000 	C:\WINDOWS\SYSTEM32\WSOCK32.dll
0x00007ffa8de50000 - 0x00007ffa8de73000 	C:\WINDOWS\SYSTEM32\WINMM.dll
0x00007ffa99890000 - 0x00007ffa998fb000 	C:\WINDOWS\system32\WS2_32.dll
0x00007ffa952d0000 - 0x00007ffa952da000 	C:\WINDOWS\SYSTEM32\VERSION.dll
0x00007ffa8ddb0000 - 0x00007ffa8dddc000 	C:\WINDOWS\SYSTEM32\WINMMBASE.dll
0x00007ffa96210000 - 0x00007ffa96253000 	C:\WINDOWS\system32\cfgmgr32.dll
0x0000000070a00000 - 0x0000000070a0f000 	C:\Program Files\Java\jdk1.8.0_51\jre\bin\verify.dll
0x000000006f400000 - 0x000000006f429000 	C:\Program Files\Java\jdk1.8.0_51\jre\bin\java.dll
0x000000006f3e0000 - 0x000000006f3f6000 	C:\Program Files\Java\jdk1.8.0_51\jre\bin\zip.dll
0x00007ffa96ec0000 - 0x00007ffa9841c000 	C:\WINDOWS\system32\SHELL32.dll
0x00007ffa96260000 - 0x00007ffa968a5000 	C:\WINDOWS\system32\windows.storage.dll
0x00007ffa99480000 - 0x00007ffa994d2000 	C:\WINDOWS\system32\shlwapi.dll
0x00007ffa95f20000 - 0x00007ffa95f2f000 	C:\WINDOWS\system32\kernel.appcore.dll
0x00007ffa96aa0000 - 0x00007ffa96b55000 	C:\WINDOWS\system32\shcore.dll
0x00007ffa95f40000 - 0x00007ffa95f8b000 	C:\WINDOWS\system32\powrprof.dll
0x00007ffa95f00000 - 0x00007ffa95f14000 	C:\WINDOWS\system32\profapi.dll
0x00007ffa93be0000 - 0x00007ffa93bf0000 	C:\Program Files (x86)\JetBrains\IntelliJ IDEA Community Edition 15.0.4\bin\breakgen64.dll
0x000000006f3c0000 - 0x000000006f3da000 	C:\Program Files\Java\jdk1.8.0_51\jre\bin\net.dll
0x00007ffa95830000 - 0x00007ffa9588c000 	C:\WINDOWS\system32\mswsock.dll
0x00007ffa6fc50000 - 0x00007ffa6fd3f000 	C:\Users\rg\AppData\Local\Temp\javacpp689954705090107\msvcr120.dll
0x00007ffa70b30000 - 0x00007ffa70bd6000 	C:\Users\rg\AppData\Local\Temp\javacpp689954705090107\msvcp120.dll
0x00007ffa65d30000 - 0x00007ffa65fa9000 	C:\Users\rg\AppData\Local\Temp\javacpp689954705090107\opencv_core310.dll
0x00007ffa62500000 - 0x00007ffa62841000 	C:\Users\rg\AppData\Local\Temp\javacpp689954705090107\opencv_imgproc310.dll
0x00007ffa6ad90000 - 0x00007ffa6af88000 	C:\Users\rg\AppData\Local\Temp\javacpp689954705090107\jniopencv_core.dll
0x00007ffa6f750000 - 0x00007ffa6f7f6000 	C:\Users\rg\AppData\Local\Temp\javacpp689954705090107\jniopencv_imgproc.dll
0x00007ffa5c590000 - 0x00007ffa5c858000 	C:\Users\rg\AppData\Local\Temp\javacpp689954705090107\opencv_imgcodecs310.dll
0x00007ffa81d10000 - 0x00007ffa81d2c000 	C:\Users\rg\AppData\Local\Temp\javacpp689954705090107\jniopencv_imgcodecs.dll
0x00007ffa74600000 - 0x00007ffa7478c000 	C:\WINDOWS\SYSTEM32\dbghelp.dll

VM Arguments:
jvm_args: -Djavacpp.platform.dependencies=true -Djava.library.path=C:\googs\mosaic\lib\ -Didea.launcher.port=7533 -Didea.launcher.bin.path=C:\Program Files (x86)\JetBrains\IntelliJ IDEA Community Edition 15.0.4\bin -Dfile.encoding=UTF-8 
java_command: com.intellij.rt.execution.application.AppMain SampleCode
java_class_path (initial): C:\Program Files\Java\jdk1.8.0_51\jre\lib\charsets.jar;C:\Program Files\Java\jdk1.8.0_51\jre\lib\deploy.jar;C:\Program Files\Java\jdk1.8.0_51\jre\lib\javaws.jar;C:\Program Files\Java\jdk1.8.0_51\jre\lib\jce.jar;C:\Program Files\Java\jdk1.8.0_51\jre\lib\jfr.jar;C:\Program Files\Java\jdk1.8.0_51\jre\lib\jfxswt.jar;C:\Program Files\Java\jdk1.8.0_51\jre\lib\jsse.jar;C:\Program Files\Java\jdk1.8.0_51\jre\lib\management-agent.jar;C:\Program Files\Java\jdk1.8.0_51\jre\lib\plugin.jar;C:\Program Files\Java\jdk1.8.0_51\jre\lib\resources.jar;C:\Program Files\Java\jdk1.8.0_51\jre\lib\rt.jar;C:\Program Files\Java\jdk1.8.0_51\jre\lib\ext\access-bridge-64.jar;C:\Program Files\Java\jdk1.8.0_51\jre\lib\ext\cldrdata.jar;C:\Program Files\Java\jdk1.8.0_51\jre\lib\ext\dnsns.jar;C:\Program Files\Java\jdk1.8.0_51\jre\lib\ext\jaccess.jar;C:\Program Files\Java\jdk1.8.0_51\jre\lib\ext\jfxrt.jar;C:\Program Files\Java\jdk1.8.0_51\jre\lib\ext\localedata.jar;C:\Program Files\Java\jdk1.8.0_51\jre\lib\ext\nashorn.jar;C:\Program Files\Java\jdk1.8.0_51\jre\lib\ext\sunec.jar;C:\Program Files\Java\jdk1.8.0_51\jre\lib\ext\sunjce_provider.jar;C:\Program Files\Java\jdk1.8.0_51\jre\lib\ext\sunmscapi.jar;C:\Program Files\Java\jdk1.8.0_51\jre\lib\ext\sunpkcs11.jar;C:\Program Files\Java\jdk1.8.0_51\jre\lib\ext\zipfs.jar;C:\googs\mosaic\target\classes;C:\Users\rg\.m2\repository\org\bytedeco\javacv\1.2\javacv-1.2.jar;C:\Users\rg\.m2\repository\org\bytedeco\javacpp\1.2\javacpp-1.2.jar;C:\Users\rg\.m2\repository\org\bytedeco\javacpp-presets\opencv\3.1.0-1.2\opencv-3.1.0-1.2.jar;C:\Users\rg\.m2\repository\org\bytedeco\javacpp-presets\opencv\3.1.0-1.2\opencv-3.1.0-1.2-windows-x86.jar;C:\Users\rg\.m2\repository\org\bytedeco\javacpp-presets\ffmpeg\3.0.2-1.2\ffmpeg-3.0.2-1.2.jar;C:\Users\rg\.m2\repository\org\bytedeco\javacpp-presets\ffmpeg\3.0.2-1.2\ffmpeg-3.0.2-1.2-windows-x86.jar;C:\Users\rg\.m2\repository\org\bytedeco\javacpp-presets\flycapture\2.9.3.43-1.2\flycapture-2.9.3.43-1.2.jar
Launcher Type: SUN_STANDARD

Environment Variables:
JAVA_HOME=C:\Program Files\Java\jdk1.7.0_67
CLASSPATH=%CLASSPATH%;%TESTNG_HOME%\testng-6.9.4.jar;C:\TESTNG\testng-6.9.4.jar;C:\TESTNG\testng-6.9.4.jar
PATH=C:\ProgramData\Oracle\Java\javapath;C:\app\rg\product\11.2.0\dbhome_1\bin;C:\WINDOWS\system32;C:\WINDOWS;C:\WINDOWS\System32\Wbem;C:\WINDOWS\System32\WindowsPowerShell\v1.0\;C:\Program Files\ThinkPad\Bluetooth Software\;C:\Program Files\ThinkPad\Bluetooth Software\syswow64;C:\spring\apache-maven-3.3.3\bin;C:\Program Files (x86)\Git\cmd;C:\Program Files (x86)\WinMerge;C:\Program Files (x86)\WebEx\PTools020000000;C:\Program Files (x86)\Sennheiser\SoftphoneSDK\;C:\Program Files\Intel\WiFi\bin\;C:\Program Files\Common Files\Intel\WirelessCommon\;C:\Python27;C:\app\rg\product\11.2.0\dbhome_1\bin;C:\WINDOWS\system32;C:\WINDOWS;C:\WINDOWS\System32\Wbem;C:\WINDOWS\System32\WindowsPowerShell\v1.0\;C:\Program Files (x86)\QuickTime\QTSystem\;C:\Program Files\Perforce;C:\Users\rg\AppData\Roaming\Python\Scripts;C:\Program Files (x86)\GnuWin32\bin;C:\apache-ant-1.9.4\bin;C:\php;C:\instantclient;C:\googs\sdugui\libs;C:\Program Files\Java\jdk1.7.0_67\bin;C:\Users\rg\AppData\Local\Android\sdk\tools;C:\apache-maven-3.3.3\bin;C:\Users\rg\AppData\Local\Android\sdk;C:\Users\rg\AppData\Local\Android\ndk;C:\Users\rg\Downloads\curl-7.44.0;C:\Users\rg\AppData\Local\Google\Cloud SDK\google-cloud-sdk\bin;C:\Program Files (x86)\Google\google_appengine\;C:\Program Files\Intel\WiFi\bin\;C:\Program Files\Common Files\Intel\WirelessCommon\
USERNAME=rg
OS=Windows_NT
PROCESSOR_IDENTIFIER=Intel64 Family 6 Model 58 Stepping 9, GenuineIntel



---------------  S Y S T E M  ---------------

OS: Windows 10.0 , 64 bit Build 10586 (10.0.10586.589)

CPU:total 4 (2 cores per cpu, 2 threads per core) family 6 model 58 stepping 9, cmov, cx8, fxsr, mmx, sse, sse2, sse3, ssse3, sse4.1, sse4.2, popcnt, avx, aes, clmul, erms, ht, tsc, tscinvbit, tscinv

Memory: 4k page, physical 8078856k(2604228k free), swap 16205320k(7943640k free)

vm_info: Java HotSpot(TM) 64-Bit Server VM (25.51-b03) for windows-amd64 JRE (1.8.0_51-b16), built on Jun  8 2015 18:03:07 by "java_re" with MS VC++ 10.0 (VS2010)

time: Sat Nov 26 18:24:22 2016
elapsed time: 1 seconds (0d 0h 0m 1s)

