#
# A fatal error has been detected by the Java Runtime Environment:
#
#  EXCEPTION_UNCAUGHT_CXX_EXCEPTION (0xe06d7363) at pc=0x00007ffa96921f28, pid=52564, tid=74044
#
# JRE version: Java(TM) SE Runtime Environment (8.0_51-b16) (build 1.8.0_51-b16)
# Java VM: Java HotSpot(TM) 64-Bit Server VM (25.51-b03 mixed mode windows-amd64 compressed oops)
# Problematic frame:
# C  [KERNELBASE.dll+0x71f28]
#
# Failed to write core dump. Minidumps are not enabled by default on client versions of Windows
#
# If you would like to submit a bug report, please visit:
#   http://bugreport.java.com/bugreport/crash.jsp
# The crash happened outside the Java Virtual Machine in native code.
# See problematic frame for where to report the bug.
#

---------------  T H R E A D  ---------------

Current thread (0x0000000002912800):  JavaThread "main" [_thread_in_native, id=74044, stack(0x0000000002810000,0x0000000002910000)]

siginfo: ExceptionCode=0xe06d7363, ExceptionInformation=0x0000000019930520 0x00000000028fe5a0 0x00007ffa65f6f908 0x00007ffa65d30000 

Registers:
RAX=0x0000000116c2c250, RBX=0x00007ffa65f6f908, RCX=0x0000000116c68538, RDX=0x0000000000000000
RSP=0x00000000028fe410, RBP=0x00000000028fe550, RSI=0x00007ffa65f01b88, RDI=0x00000000028fe5a0
R8 =0x0000000016c64150, R9 =0x0000000002000002, R10=0x00007ffa16c49f38, R11=0x0000000116c2c230
R12=0x00000000ffffff29, R13=0x0000000000000000, R14=0x00007ffa65f01940, R15=0x000000000290e778
RIP=0x00007ffa96921f28, EFLAGS=0x0000000000000202

Top of Stack: (sp=0x00000000028fe410)
0x00000000028fe410:   0000000083d61705 00007ffa65f6f908
0x00000000028fe420:   00007ffa65f01b88 00000000028fe5a0
0x00000000028fe430:   00000001e06d7363 0000000000000000
0x00000000028fe440:   00007ffa96921f28 0000000000000004
0x00000000028fe450:   0000000019930520 00000000028fe5a0
0x00000000028fe460:   00007ffa65f6f908 00007ffa65d30000
0x00000000028fe470:   00000000ffffff29 00000000028fe5a0
0x00000000028fe480:   00007ffa65f01b88 00000000028fe560
0x00000000028fe490:   00000000028fe550 00007ffa9993782f
0x00000000028fe4a0:   0000000000000000 00007ffa00000000
0x00000000028fe4b0:   00000000028fe5a0 00007ffa6fa4d306
0x00000000028fe4c0:   00007ffa65f90000 00007ffa65d30000
0x00000000028fe4d0:   00009f775ec6e829 00007ffa6facc4d0
0x00000000028fe4e0:   00007ffa65f6f908 00007ffa6fa4ef63
0x00000000028fe4f0:   00000000028fe5a0 00007ffa6fa1eb8d
0x00000000028fe500:   00007ffa6facc4d0 00007ffa65f01b88 

Instructions: (pc=0x00007ffa96921f28)
0x00007ffa96921f08:   49 8b d1 44 0f 47 c0 44 89 44 24 38 49 c1 e0 03
0x00007ffa96921f18:   e8 27 b2 00 00 48 8d 4c 24 20 ff 15 c8 a7 05 00
0x00007ffa96921f28:   48 8b 8c 24 c0 00 00 00 48 33 cc e8 98 7a 00 00
0x00007ffa96921f38:   48 81 c4 d8 00 00 00 c3 83 64 24 38 00 eb d6 cc 


Register to memory mapping:

RAX=0x0000000116c2c250 is an unknown value
RBX=0x00007ffa65f6f908 is an unknown value
RCX=0x0000000116c68538 is an unknown value
RDX=0x0000000000000000 is an unknown value
RSP=0x00000000028fe410 is pointing into the stack for thread: 0x0000000002912800
RBP=0x00000000028fe550 is pointing into the stack for thread: 0x0000000002912800
RSI=0x00007ffa65f01b88 is an unknown value
RDI=0x00000000028fe5a0 is pointing into the stack for thread: 0x0000000002912800
R8 =0x0000000016c64150 is pointing into metadata
R9 =0x0000000002000002 is an unknown value
R10=0x00007ffa16c49f38 is an unknown value
R11=0x0000000116c2c230 is an unknown value
R12=0x00000000ffffff29 is an unallocated location in the heap
R13=0x0000000000000000 is an unknown value
R14=0x00007ffa65f01940 is an unknown value
R15=0x000000000290e778 is pointing into the stack for thread: 0x0000000002912800


Stack: [0x0000000002810000,0x0000000002910000],  sp=0x00000000028fe410,  free space=953k
Native frames: (J=compiled Java code, j=interpreted, Vv=VM code, C=native code)
C  [KERNELBASE.dll+0x71f28]
C  [msvcr120.dll+0x5ef63]
C  [opencv_core310.dll+0x19b5a4]
C  [opencv_core310.dll+0x19b6e6]
C  [opencv_core310.dll+0x6277f]
C  [jniopencv_core.dll+0xdd94b]
C  0x0000000002a25e34

Java frames: (J=compiled Java code, j=interpreted, Vv=VM code)
j  org.bytedeco.javacpp.opencv_core.cvCopy(Lorg/bytedeco/javacpp/helper/opencv_core$CvArr;Lorg/bytedeco/javacpp/helper/opencv_core$CvArr;)V+0
J 568% C2 SampleCode.main([Ljava/lang/String;)V (1197 bytes) @ 0x0000000002d62610 [0x0000000002d5d1c0+0x5450]
v  ~StubRoutines::call_stub
j  sun.reflect.NativeMethodAccessorImpl.invoke0(Ljava/lang/reflect/Method;Ljava/lang/Object;[Ljava/lang/Object;)Ljava/lang/Object;+0
j  sun.reflect.NativeMethodAccessorImpl.invoke(Ljava/lang/Object;[Ljava/lang/Object;)Ljava/lang/Object;+100
j  sun.reflect.DelegatingMethodAccessorImpl.invoke(Ljava/lang/Object;[Ljava/lang/Object;)Ljava/lang/Object;+6
j  java.lang.reflect.Method.invoke(Ljava/lang/Object;[Ljava/lang/Object;)Ljava/lang/Object;+56
j  com.intellij.rt.execution.application.AppMain.main([Ljava/lang/String;)V+180
v  ~StubRoutines::call_stub

---------------  P R O C E S S  ---------------

Java Threads: ( => current thread )
  0x0000000018e45000 JavaThread "Monitor Ctrl-Break" daemon [_thread_in_native, id=72532, stack(0x0000000019220000,0x0000000019320000)]
  0x0000000018c11000 JavaThread "Service Thread" daemon [_thread_blocked, id=65876, stack(0x0000000018ff0000,0x00000000190f0000)]
  0x00000000173ac800 JavaThread "C1 CompilerThread2" daemon [_thread_blocked, id=67268, stack(0x0000000018af0000,0x0000000018bf0000)]
  0x0000000017382800 JavaThread "C2 CompilerThread1" daemon [_thread_blocked, id=71828, stack(0x00000000189f0000,0x0000000018af0000)]
  0x0000000017380800 JavaThread "C2 CompilerThread0" daemon [_thread_blocked, id=74336, stack(0x00000000188f0000,0x00000000189f0000)]
  0x000000001737e800 JavaThread "Attach Listener" daemon [_thread_blocked, id=59108, stack(0x00000000187f0000,0x00000000188f0000)]
  0x000000001737d800 JavaThread "Signal Dispatcher" daemon [_thread_blocked, id=67736, stack(0x00000000186f0000,0x00000000187f0000)]
  0x0000000002a08000 JavaThread "Finalizer" daemon [_thread_blocked, id=47980, stack(0x00000000185e0000,0x00000000186e0000)]
  0x00000000029ff000 JavaThread "Reference Handler" daemon [_thread_blocked, id=65492, stack(0x00000000184e0000,0x00000000185e0000)]
=>0x0000000002912800 JavaThread "main" [_thread_in_native, id=74044, stack(0x0000000002810000,0x0000000002910000)]

Other Threads:
  0x0000000017348000 VMThread [stack: 0x00000000183e0000,0x00000000184e0000] [id=67712]
  0x0000000018c32000 WatcherThread [stack: 0x00000000190f0000,0x00000000191f0000] [id=72892]

VM state:not at safepoint (normal execution)

VM Mutex/Monitor currently owned by a thread: None

Heap:
 PSYoungGen      total 36864K, used 3842K [0x00000000d6e00000, 0x00000000d9700000, 0x0000000100000000)
  eden space 31744K, 2% used [0x00000000d6e00000,0x00000000d6ee9528,0x00000000d8d00000)
  from space 5120K, 56% used [0x00000000d8d00000,0x00000000d8fd7568,0x00000000d9200000)
  to   space 5120K, 0% used [0x00000000d9200000,0x00000000d9200000,0x00000000d9700000)
 ParOldGen       total 84992K, used 16K [0x0000000084a00000, 0x0000000089d00000, 0x00000000d6e00000)
  object space 84992K, 0% used [0x0000000084a00000,0x0000000084a04000,0x0000000089d00000)
 Metaspace       used 6092K, capacity 6624K, committed 6912K, reserved 1056768K
  class space    used 644K, capacity 656K, committed 768K, reserved 1048576K

Card table byte_map: [0x0000000011dd0000,0x00000000121b0000] byte_map_base: 0x00000000119ab000

Marking Bits: (ParMarkBitMap*) 0x000000006fc34040
 Begin Bits: [0x0000000012850000, 0x0000000014728000)
 End Bits:   [0x0000000014728000, 0x0000000016600000)

Polling page: 0x00000000027a0000

CodeCache: size=245760Kb used=3526Kb max_used=3552Kb free=242233Kb
 bounds [0x0000000002a10000, 0x0000000002d90000, 0x0000000011a10000]
 total_blobs=996 nmethods=612 adapters=297
 compilation: enabled

Compilation events (10 events):
Event: 49.895 Thread 0x00000000173ac800  607       3       org.bytedeco.javacpp.ClassProperties::addAll (14 bytes)
Event: 49.896 Thread 0x00000000173ac800 nmethod 607 0x0000000002d500d0 code [0x0000000002d50280, 0x0000000002d507f8]
Event: 49.896 Thread 0x00000000173ac800  609       3       java.util.Arrays$ArrayList::get (7 bytes)
Event: 49.896 Thread 0x00000000173ac800 nmethod 609 0x0000000002d4fd10 code [0x0000000002d4fe60, 0x0000000002d4ffd0]
Event: 49.896 Thread 0x00000000173ac800  610       3       java.lang.Character::getType (9 bytes)
Event: 49.896 Thread 0x00000000173ac800 nmethod 610 0x0000000002d4f890 code [0x0000000002d4fa00, 0x0000000002d4fc38]
Event: 49.896 Thread 0x00000000173ac800  611       3       java.lang.CharacterDataLatin1::getType (11 bytes)
Event: 49.897 Thread 0x00000000173ac800 nmethod 611 0x0000000002d4f3d0 code [0x0000000002d4f540, 0x0000000002d4f730]
Event: 49.897 Thread 0x00000000173ac800  612       3       java.net.URI$Parser::at (20 bytes)
Event: 49.897 Thread 0x00000000173ac800 nmethod 612 0x0000000002d4eb90 code [0x0000000002d4ed20, 0x0000000002d4f168]

GC Heap History (2 events):
Event: 49.822 GC heap before
{Heap before GC invocations=1 (full 0):
 PSYoungGen      total 36864K, used 31744K [0x00000000d6e00000, 0x00000000d9700000, 0x0000000100000000)
  eden space 31744K, 100% used [0x00000000d6e00000,0x00000000d8d00000,0x00000000d8d00000)
  from space 5120K, 0% used [0x00000000d9200000,0x00000000d9200000,0x00000000d9700000)
  to   space 5120K, 0% used [0x00000000d8d00000,0x00000000d8d00000,0x00000000d9200000)
 ParOldGen       total 84992K, used 0K [0x0000000084a00000, 0x0000000089d00000, 0x00000000d6e00000)
  object space 84992K, 0% used [0x0000000084a00000,0x0000000084a00000,0x0000000089d00000)
 Metaspace       used 6078K, capacity 6624K, committed 6912K, reserved 1056768K
  class space    used 644K, capacity 656K, committed 768K, reserved 1048576K
Event: 49.849 GC heap after
Heap after GC invocations=1 (full 0):
 PSYoungGen      total 36864K, used 2909K [0x00000000d6e00000, 0x00000000d9700000, 0x0000000100000000)
  eden space 31744K, 0% used [0x00000000d6e00000,0x00000000d6e00000,0x00000000d8d00000)
  from space 5120K, 56% used [0x00000000d8d00000,0x00000000d8fd7568,0x00000000d9200000)
  to   space 5120K, 0% used [0x00000000d9200000,0x00000000d9200000,0x00000000d9700000)
 ParOldGen       total 84992K, used 16K [0x0000000084a00000, 0x0000000089d00000, 0x00000000d6e00000)
  object space 84992K, 0% used [0x0000000084a00000,0x0000000084a04000,0x0000000089d00000)
 Metaspace       used 6078K, capacity 6624K, committed 6912K, reserved 1056768K
  class space    used 644K, capacity 656K, committed 768K, reserved 1048576K
}

Deoptimization events (5 events):
Event: 0.342 Thread 0x0000000002912800 Uncommon trap: reason=unstable_if action=reinterpret pc=0x0000000002b3e638 method=java.lang.String.hashCode()I @ 14
Event: 0.529 Thread 0x0000000002912800 Uncommon trap: reason=unstable_if action=reinterpret pc=0x0000000002b86d84 method=java.lang.String.indexOf([CII[CIII)I @ 123
Event: 47.111 Thread 0x0000000002912800 Uncommon trap: reason=unreached action=reinterpret pc=0x0000000002cc6ffc method=SampleCode.main([Ljava/lang/String;)V @ 1001
Event: 47.308 Thread 0x0000000002912800 Uncommon trap: reason=unreached action=reinterpret pc=0x0000000002cfa480 method=SampleCode.main([Ljava/lang/String;)V @ 1024
Event: 47.467 Thread 0x0000000002912800 Uncommon trap: reason=unstable_if action=reinterpret pc=0x0000000002d1ded8 method=SampleCode.main([Ljava/lang/String;)V @ 1001

Internal exceptions (10 events):
Event: 0.330 Thread 0x0000000002912800 Exception <a 'java/security/PrivilegedActionException'> (0x00000000d712c700) thrown at [C:\re\workspace\8-2-build-windows-amd64-cygwin\jdk8u51\3951\hotspot\src\share\vm\prims\jvm.cpp, line 1382]
Event: 0.331 Thread 0x0000000002912800 Exception <a 'java/security/PrivilegedActionException'> (0x00000000d712c8b8) thrown at [C:\re\workspace\8-2-build-windows-amd64-cygwin\jdk8u51\3951\hotspot\src\share\vm\prims\jvm.cpp, line 1382]
Event: 0.331 Thread 0x0000000002912800 Exception <a 'java/security/PrivilegedActionException'> (0x00000000d712db40) thrown at [C:\re\workspace\8-2-build-windows-amd64-cygwin\jdk8u51\3951\hotspot\src\share\vm\prims\jvm.cpp, line 1382]
Event: 0.331 Thread 0x0000000002912800 Exception <a 'java/security/PrivilegedActionException'> (0x00000000d712dcf8) thrown at [C:\re\workspace\8-2-build-windows-amd64-cygwin\jdk8u51\3951\hotspot\src\share\vm\prims\jvm.cpp, line 1382]
Event: 0.331 Thread 0x0000000002912800 Exception <a 'java/security/PrivilegedActionException'> (0x00000000d712eef0) thrown at [C:\re\workspace\8-2-build-windows-amd64-cygwin\jdk8u51\3951\hotspot\src\share\vm\prims\jvm.cpp, line 1382]
Event: 0.331 Thread 0x0000000002912800 Exception <a 'java/security/PrivilegedActionException'> (0x00000000d712f0a8) thrown at [C:\re\workspace\8-2-build-windows-amd64-cygwin\jdk8u51\3951\hotspot\src\share\vm\prims\jvm.cpp, line 1382]
Event: 0.532 Thread 0x0000000002912800 Exception <a 'java/security/PrivilegedActionException'> (0x00000000d73abf10) thrown at [C:\re\workspace\8-2-build-windows-amd64-cygwin\jdk8u51\3951\hotspot\src\share\vm\prims\jvm.cpp, line 1382]
Event: 0.532 Thread 0x0000000002912800 Exception <a 'java/security/PrivilegedActionException'> (0x00000000d73ac0c8) thrown at [C:\re\workspace\8-2-build-windows-amd64-cygwin\jdk8u51\3951\hotspot\src\share\vm\prims\jvm.cpp, line 1382]
Event: 0.533 Thread 0x0000000002912800 Exception <a 'java/security/PrivilegedActionException'> (0x00000000d73afe60) thrown at [C:\re\workspace\8-2-build-windows-amd64-cygwin\jdk8u51\3951\hotspot\src\share\vm\prims\jvm.cpp, line 1382]
Event: 0.533 Thread 0x0000000002912800 Exception <a 'java/security/PrivilegedActionException'> (0x00000000d73b0018) thrown at [C:\re\workspace\8-2-build-windows-amd64-cygwin\jdk8u51\3951\hotspot\src\share\vm\prims\jvm.cpp, line 1382]

Events (10 events):
Event: 47.308 Thread 0x0000000002912800 DEOPT UNPACKING pc=0x0000000002a5582a sp=0x000000000290eb30 mode 2
Event: 47.466 Thread 0x0000000002912800 DEOPT PACKING pc=0x0000000002d07fb1 sp=0x000000000290e740
Event: 47.466 Thread 0x0000000002912800 DEOPT UNPACKING pc=0x0000000002a5787f sp=0x000000000290e8b0 mode 0
Event: 47.467 Thread 0x0000000002912800 Uncommon trap: trap_request=0xffffff65 fr.pc=0x0000000002d1ded8
Event: 47.467 Thread 0x0000000002912800 DEOPT PACKING pc=0x0000000002d1ded8 sp=0x000000000290eb10
Event: 47.467 Thread 0x0000000002912800 DEOPT UNPACKING pc=0x0000000002a5582a sp=0x000000000290eb30 mode 2
Event: 48.985 Thread 0x0000000002912800 DEOPT PACKING pc=0x0000000002d2bcb1 sp=0x000000000290e740
Event: 48.985 Thread 0x0000000002912800 DEOPT UNPACKING pc=0x0000000002a5787f sp=0x000000000290e8b0 mode 0
Event: 49.821 Executing VM operation: ParallelGCFailedAllocation
Event: 49.849 Executing VM operation: ParallelGCFailedAllocation done


Dynamic libraries:
0x00007ff64b870000 - 0x00007ff64b8a7000 	C:\Program Files\Java\jdk1.8.0_51\bin\java.exe
0x00007ffa99900000 - 0x00007ffa99ac1000 	C:\WINDOWS\SYSTEM32\ntdll.dll
0x00007ffa99690000 - 0x00007ffa9973d000 	C:\WINDOWS\system32\KERNEL32.DLL
0x00007ffa968b0000 - 0x00007ffa96a98000 	C:\WINDOWS\system32\KERNELBASE.dll
0x00007ffa98cd0000 - 0x00007ffa98d77000 	C:\WINDOWS\system32\ADVAPI32.dll
0x00007ffa98740000 - 0x00007ffa987dd000 	C:\WINDOWS\system32\msvcrt.dll
0x00007ffa96e60000 - 0x00007ffa96ebb000 	C:\WINDOWS\system32\sechost.dll
0x00007ffa98420000 - 0x00007ffa9853c000 	C:\WINDOWS\system32\RPCRT4.dll
0x00007ffa985e0000 - 0x00007ffa98736000 	C:\WINDOWS\system32\USER32.dll
0x00007ffa992f0000 - 0x00007ffa99476000 	C:\WINDOWS\system32\GDI32.dll
0x00007ffa8d1e0000 - 0x00007ffa8d454000 	C:\WINDOWS\WinSxS\amd64_microsoft.windows.common-controls_6595b64144ccf1df_6.0.10586.672_none_a2d6b3cea53ff843\COMCTL32.dll
0x00007ffa98e50000 - 0x00007ffa990cd000 	C:\WINDOWS\system32\combase.dll
0x00007ffa96b60000 - 0x00007ffa96bca000 	C:\WINDOWS\system32\bcryptPrimitives.dll
0x00007ffa985a0000 - 0x00007ffa985db000 	C:\WINDOWS\system32\IMM32.DLL
0x000000006fcc0000 - 0x000000006fd92000 	C:\Program Files\Java\jdk1.8.0_51\jre\bin\msvcr100.dll
0x000000006f430000 - 0x000000006fcb3000 	C:\Program Files\Java\jdk1.8.0_51\jre\bin\server\jvm.dll
0x00007ffa990d0000 - 0x00007ffa990d8000 	C:\WINDOWS\system32\PSAPI.DLL
0x00007ffa889a0000 - 0x00007ffa889a9000 	C:\WINDOWS\SYSTEM32\WSOCK32.dll
0x00007ffa8de50000 - 0x00007ffa8de73000 	C:\WINDOWS\SYSTEM32\WINMM.dll
0x00007ffa952d0000 - 0x00007ffa952da000 	C:\WINDOWS\SYSTEM32\VERSION.dll
0x00007ffa99890000 - 0x00007ffa998fb000 	C:\WINDOWS\system32\WS2_32.dll
0x00007ffa8ddb0000 - 0x00007ffa8dddc000 	C:\WINDOWS\SYSTEM32\WINMMBASE.dll
0x00007ffa96210000 - 0x00007ffa96253000 	C:\WINDOWS\system32\cfgmgr32.dll
0x0000000070a00000 - 0x0000000070a0f000 	C:\Program Files\Java\jdk1.8.0_51\jre\bin\verify.dll
0x000000006f400000 - 0x000000006f429000 	C:\Program Files\Java\jdk1.8.0_51\jre\bin\java.dll
0x000000006f3e0000 - 0x000000006f3f6000 	C:\Program Files\Java\jdk1.8.0_51\jre\bin\zip.dll
0x00007ffa96ec0000 - 0x00007ffa9841c000 	C:\WINDOWS\system32\SHELL32.dll
0x00007ffa96260000 - 0x00007ffa968a5000 	C:\WINDOWS\system32\windows.storage.dll
0x00007ffa99480000 - 0x00007ffa994d2000 	C:\WINDOWS\system32\shlwapi.dll
0x00007ffa95f20000 - 0x00007ffa95f2f000 	C:\WINDOWS\system32\kernel.appcore.dll
0x00007ffa96aa0000 - 0x00007ffa96b55000 	C:\WINDOWS\system32\shcore.dll
0x00007ffa95f40000 - 0x00007ffa95f8b000 	C:\WINDOWS\system32\powrprof.dll
0x00007ffa95f00000 - 0x00007ffa95f14000 	C:\WINDOWS\system32\profapi.dll
0x00007ffa911e0000 - 0x00007ffa911f0000 	C:\Program Files (x86)\JetBrains\IntelliJ IDEA Community Edition 15.0.4\bin\breakgen64.dll
0x000000006f3c0000 - 0x000000006f3da000 	C:\Program Files\Java\jdk1.8.0_51\jre\bin\net.dll
0x00007ffa95830000 - 0x00007ffa9588c000 	C:\WINDOWS\system32\mswsock.dll
0x00007ffa6f9f0000 - 0x00007ffa6fadf000 	C:\Users\rg\AppData\Local\Temp\javacpp1127203377314465\msvcr120.dll
0x00007ffa76150000 - 0x00007ffa761f6000 	C:\Users\rg\AppData\Local\Temp\javacpp1127203377314465\msvcp120.dll
0x00007ffa65d30000 - 0x00007ffa65fa9000 	C:\Users\rg\AppData\Local\Temp\javacpp1127203377314465\opencv_core310.dll
0x00007ffa64410000 - 0x00007ffa64751000 	C:\Users\rg\AppData\Local\Temp\javacpp1127203377314465\opencv_imgproc310.dll
0x00007ffa68220000 - 0x00007ffa68418000 	C:\Users\rg\AppData\Local\Temp\javacpp1127203377314465\jniopencv_core.dll
0x00007ffa72460000 - 0x00007ffa72506000 	C:\Users\rg\AppData\Local\Temp\javacpp1127203377314465\jniopencv_imgproc.dll
0x00007ffa5eb30000 - 0x00007ffa5edf8000 	C:\Users\rg\AppData\Local\Temp\javacpp1127203377314465\opencv_imgcodecs310.dll
0x00007ffa8ba20000 - 0x00007ffa8ba3c000 	C:\Users\rg\AppData\Local\Temp\javacpp1127203377314465\jniopencv_imgcodecs.dll
0x00007ffa74600000 - 0x00007ffa7478c000 	C:\WINDOWS\SYSTEM32\dbghelp.dll

VM Arguments:
jvm_args: -Djavacpp.platform.dependencies=true -Djava.library.path=C:\googs\mosaic\lib\ -Didea.launcher.port=7532 -Didea.launcher.bin.path=C:\Program Files (x86)\JetBrains\IntelliJ IDEA Community Edition 15.0.4\bin -Dfile.encoding=UTF-8 
java_command: com.intellij.rt.execution.application.AppMain SampleCode C:\googs\mosaic\src\main\resources\source1 C:\googs\mosaic\src\main\resources\target4 80 60
java_class_path (initial): C:\Program Files\Java\jdk1.8.0_51\jre\lib\charsets.jar;C:\Program Files\Java\jdk1.8.0_51\jre\lib\deploy.jar;C:\Program Files\Java\jdk1.8.0_51\jre\lib\javaws.jar;C:\Program Files\Java\jdk1.8.0_51\jre\lib\jce.jar;C:\Program Files\Java\jdk1.8.0_51\jre\lib\jfr.jar;C:\Program Files\Java\jdk1.8.0_51\jre\lib\jfxswt.jar;C:\Program Files\Java\jdk1.8.0_51\jre\lib\jsse.jar;C:\Program Files\Java\jdk1.8.0_51\jre\lib\management-agent.jar;C:\Program Files\Java\jdk1.8.0_51\jre\lib\plugin.jar;C:\Program Files\Java\jdk1.8.0_51\jre\lib\resources.jar;C:\Program Files\Java\jdk1.8.0_51\jre\lib\rt.jar;C:\Program Files\Java\jdk1.8.0_51\jre\lib\ext\access-bridge-64.jar;C:\Program Files\Java\jdk1.8.0_51\jre\lib\ext\cldrdata.jar;C:\Program Files\Java\jdk1.8.0_51\jre\lib\ext\dnsns.jar;C:\Program Files\Java\jdk1.8.0_51\jre\lib\ext\jaccess.jar;C:\Program Files\Java\jdk1.8.0_51\jre\lib\ext\jfxrt.jar;C:\Program Files\Java\jdk1.8.0_51\jre\lib\ext\localedata.jar;C:\Program Files\Java\jdk1.8.0_51\jre\lib\ext\nashorn.jar;C:\Program Files\Java\jdk1.8.0_51\jre\lib\ext\sunec.jar;C:\Program Files\Java\jdk1.8.0_51\jre\lib\ext\sunjce_provider.jar;C:\Program Files\Java\jdk1.8.0_51\jre\lib\ext\sunmscapi.jar;C:\Program Files\Java\jdk1.8.0_51\jre\lib\ext\sunpkcs11.jar;C:\Program Files\Java\jdk1.8.0_51\jre\lib\ext\zipfs.jar;C:\googs\mosaic\target\classes;C:\Users\rg\.m2\repository\org\bytedeco\javacv\1.2\javacv-1.2.jar;C:\Users\rg\.m2\repository\org\bytedeco\javacpp\1.2\javacpp-1.2.jar;C:\Users\rg\.m2\repository\org\bytedeco\javacpp-presets\opencv\3.1.0-1.2\opencv-3.1.0-1.2.jar;C:\Users\rg\.m2\repository\org\bytedeco\javacpp-presets\opencv\3.1.0-1.2\opencv-3.1.0-1.2-windows-x86.jar;C:\Users\rg\.m2\repository\org\bytedeco\javacpp-presets\ffmpeg\3.0.2-1.2\ffmpeg-3.0.2-1.2.jar;C:\Users\rg\.m2\repository\org\bytedeco\javacpp-presets\ffmpeg\3.0.2-1.2\ffmpeg-3.0.2-1.2-windows-x86.jar;C:\Users\rg\.m2\repository\org\bytedeco\javacpp-presets\flycapture\2.9.3.43-1.2\flycapture-2.9.3.43-1.2.jar
Launcher Type: SUN_STANDARD

Environment Variables:
JAVA_HOME=C:\Program Files\Java\jdk1.7.0_67
CLASSPATH=%CLASSPATH%;%TESTNG_HOME%\testng-6.9.4.jar;C:\TESTNG\testng-6.9.4.jar;C:\TESTNG\testng-6.9.4.jar
PATH=C:\ProgramData\Oracle\Java\javapath;C:\app\rg\product\11.2.0\dbhome_1\bin;C:\WINDOWS\system32;C:\WINDOWS;C:\WINDOWS\System32\Wbem;C:\WINDOWS\System32\WindowsPowerShell\v1.0\;C:\Program Files\ThinkPad\Bluetooth Software\;C:\Program Files\ThinkPad\Bluetooth Software\syswow64;C:\spring\apache-maven-3.3.3\bin;C:\Program Files (x86)\Git\cmd;C:\Program Files (x86)\WinMerge;C:\Program Files (x86)\WebEx\PTools020000000;C:\Program Files (x86)\Sennheiser\SoftphoneSDK\;C:\Program Files\Intel\WiFi\bin\;C:\Program Files\Common Files\Intel\WirelessCommon\;C:\Python27;C:\app\rg\product\11.2.0\dbhome_1\bin;C:\WINDOWS\system32;C:\WINDOWS;C:\WINDOWS\System32\Wbem;C:\WINDOWS\System32\WindowsPowerShell\v1.0\;C:\Program Files (x86)\QuickTime\QTSystem\;C:\Program Files\Perforce;C:\Users\rg\AppData\Roaming\Python\Scripts;C:\Program Files (x86)\GnuWin32\bin;C:\apache-ant-1.9.4\bin;C:\php;C:\instantclient;C:\googs\sdugui\libs;C:\Program Files\Java\jdk1.7.0_67\bin;C:\Users\rg\AppData\Local\Android\sdk\tools;C:\apache-maven-3.3.3\bin;C:\Users\rg\AppData\Local\Android\sdk;C:\Users\rg\AppData\Local\Android\ndk;C:\Users\rg\Downloads\curl-7.44.0;C:\Users\rg\AppData\Local\Google\Cloud SDK\google-cloud-sdk\bin;C:\Program Files (x86)\Google\google_appengine\;C:\Program Files\Intel\WiFi\bin\;C:\Program Files\Common Files\Intel\WirelessCommon\
USERNAME=rg
OS=Windows_NT
PROCESSOR_IDENTIFIER=Intel64 Family 6 Model 58 Stepping 9, GenuineIntel



---------------  S Y S T E M  ---------------

OS: Windows 10.0 , 64 bit Build 10586 (10.0.10586.589)

CPU:total 4 (2 cores per cpu, 2 threads per core) family 6 model 58 stepping 9, cmov, cx8, fxsr, mmx, sse, sse2, sse3, ssse3, sse4.1, sse4.2, popcnt, avx, aes, clmul, erms, ht, tsc, tscinvbit, tscinv

Memory: 4k page, physical 8078856k(350228k free), swap 17271332k(2509220k free)

vm_info: Java HotSpot(TM) 64-Bit Server VM (25.51-b03) for windows-amd64 JRE (1.8.0_51-b16), built on Jun  8 2015 18:03:07 by "java_re" with MS VC++ 10.0 (VS2010)

time: Thu Dec 01 19:49:35 2016
elapsed time: 50 seconds (0d 0h 0m 50s)

