#
# A fatal error has been detected by the Java Runtime Environment:
#
#  EXCEPTION_UNCAUGHT_CXX_EXCEPTION (0xe06d7363) at pc=0x00007ffce8091f28, pid=80196, tid=86408
#
# JRE version: Java(TM) SE Runtime Environment (8.0_51-b16) (build 1.8.0_51-b16)
# Java VM: Java HotSpot(TM) 64-Bit Server VM (25.51-b03 mixed mode windows-amd64 compressed oops)
# Problematic frame:
# C  [KERNELBASE.dll+0x71f28]
#
# Failed to write core dump. Minidumps are not enabled by default on client versions of Windows
#
# If you would like to submit a bug report, please visit:
#   http://bugreport.java.com/bugreport/crash.jsp
# The crash happened outside the Java Virtual Machine in native code.
# See problematic frame for where to report the bug.
#

---------------  T H R E A D  ---------------

Current thread (0x0000000003203000):  JavaThread "main" [_thread_in_native, id=86408, stack(0x0000000003100000,0x0000000003200000)]

siginfo: ExceptionCode=0xe06d7363, ExceptionInformation=0x0000000019930520 0x00000000031ee960 0x00007ffcb875f908 0x00007ffcb8520000 

Registers:
RAX=0x000000001750e4f0, RBX=0x00007ffcb875f908, RCX=0x0000000100000000, RDX=0x00000000175542b0
RSP=0x00000000031ee7d0, RBP=0x00000000031ee910, RSI=0x00007ffcb86f1b88, RDI=0x00000000031ee960
R8 =0x0000000000000000, R9 =0x0000000017558538, R10=0x0000000017539f38, R11=0x00000000175987e0
R12=0x00000000ffffff29, R13=0x0000000000000000, R14=0x00007ffcb86f1940, R15=0x00000000031feb38
RIP=0x00007ffce8091f28, EFLAGS=0x0000000000000206

Top of Stack: (sp=0x00000000031ee7d0)
0x00000000031ee7d0:   0000000000800001 00007ffcb875f908
0x00000000031ee7e0:   00007ffcb86f1b88 00000000031ee960
0x00000000031ee7f0:   00000001e06d7363 0000000000000000
0x00000000031ee800:   00007ffce8091f28 0000000000000004
0x00000000031ee810:   0000000019930520 00000000031ee960
0x00000000031ee820:   00007ffcb875f908 00007ffcb8520000
0x00000000031ee830:   00000000ffffff29 00000000031ee960
0x00000000031ee840:   00007ffcb86f1b88 00000000031ee920
0x00000000031ee850:   00000000031ee910 00007ffceb1e782f
0x00000000031ee860:   0000000000000000 00007ffc00000000
0x00000000031ee870:   00000000031ee960 00007ffcbd83d306
0x00000000031ee880:   00007ffcb8780000 00007ffcb8520000
0x00000000031ee890:   000059877c3600b8 00007ffcbd8bc4d0
0x00000000031ee8a0:   00007ffcb875f908 00007ffcbd83ef63
0x00000000031ee8b0:   00000000031ee960 00007ffcbd80eb8d
0x00000000031ee8c0:   00007ffcbd8bc4d0 00007ffcb86f1b88 

Instructions: (pc=0x00007ffce8091f28)
0x00007ffce8091f08:   49 8b d1 44 0f 47 c0 44 89 44 24 38 49 c1 e0 03
0x00007ffce8091f18:   e8 27 b2 00 00 48 8d 4c 24 20 ff 15 c8 a7 05 00
0x00007ffce8091f28:   48 8b 8c 24 c0 00 00 00 48 33 cc e8 98 7a 00 00
0x00007ffce8091f38:   48 81 c4 d8 00 00 00 c3 83 64 24 38 00 eb d6 cc 


Register to memory mapping:

RAX=0x000000001750e4f0 is pointing into metadata
RBX=0x00007ffcb875f908 is an unknown value
RCX=0x0000000100000000 is pointing into metadata
RDX=0x00000000175542b0 is pointing into metadata
RSP=0x00000000031ee7d0 is pointing into the stack for thread: 0x0000000003203000
RBP=0x00000000031ee910 is pointing into the stack for thread: 0x0000000003203000
RSI=0x00007ffcb86f1b88 is an unknown value
RDI=0x00000000031ee960 is pointing into the stack for thread: 0x0000000003203000
R8 =0x0000000000000000 is an unknown value
R9 =0x0000000017558538 is pointing into metadata
R10=0x0000000017539f38 is pointing into metadata
R11=0x00000000175987e0 is pointing into metadata
R12=0x00000000ffffff29 is an unallocated location in the heap
R13=0x0000000000000000 is an unknown value
R14=0x00007ffcb86f1940 is an unknown value
R15=0x00000000031feb38 is pointing into the stack for thread: 0x0000000003203000


Stack: [0x0000000003100000,0x0000000003200000],  sp=0x00000000031ee7d0,  free space=953k
Native frames: (J=compiled Java code, j=interpreted, Vv=VM code, C=native code)
C  [KERNELBASE.dll+0x71f28]
C  [msvcr120.dll+0x5ef63]
C  [opencv_core310.dll+0x19b5a4]
C  [opencv_core310.dll+0x19b6e6]
C  [opencv_core310.dll+0x6277f]
C  [jniopencv_core.dll+0xdd94b]
C  0x0000000003315e34

Java frames: (J=compiled Java code, j=interpreted, Vv=VM code)
j  org.bytedeco.javacpp.opencv_core.cvCopy(Lorg/bytedeco/javacpp/helper/opencv_core$CvArr;Lorg/bytedeco/javacpp/helper/opencv_core$CvArr;)V+0
J 598% C2 SampleCode.main([Ljava/lang/String;)V (1180 bytes) @ 0x000000000364b284 [0x0000000003645f60+0x5324]
v  ~StubRoutines::call_stub
j  sun.reflect.NativeMethodAccessorImpl.invoke0(Ljava/lang/reflect/Method;Ljava/lang/Object;[Ljava/lang/Object;)Ljava/lang/Object;+0
j  sun.reflect.NativeMethodAccessorImpl.invoke(Ljava/lang/Object;[Ljava/lang/Object;)Ljava/lang/Object;+100
j  sun.reflect.DelegatingMethodAccessorImpl.invoke(Ljava/lang/Object;[Ljava/lang/Object;)Ljava/lang/Object;+6
j  java.lang.reflect.Method.invoke(Ljava/lang/Object;[Ljava/lang/Object;)Ljava/lang/Object;+56
j  com.intellij.rt.execution.application.AppMain.main([Ljava/lang/String;)V+180
v  ~StubRoutines::call_stub

---------------  P R O C E S S  ---------------

Java Threads: ( => current thread )
  0x000000001978d800 JavaThread "Monitor Ctrl-Break" daemon [_thread_in_native, id=75912, stack(0x0000000019b90000,0x0000000019c90000)]
  0x00000000194f9000 JavaThread "Service Thread" daemon [_thread_blocked, id=74964, stack(0x00000000198d0000,0x00000000199d0000)]
  0x0000000017cc7000 JavaThread "C1 CompilerThread2" daemon [_thread_blocked, id=83248, stack(0x00000000193d0000,0x00000000194d0000)]
  0x0000000017cc0800 JavaThread "C2 CompilerThread1" daemon [_thread_blocked, id=88484, stack(0x00000000192d0000,0x00000000193d0000)]
  0x0000000017c70800 JavaThread "C2 CompilerThread0" daemon [_thread_blocked, id=87728, stack(0x00000000191d0000,0x00000000192d0000)]
  0x0000000017c6e800 JavaThread "Attach Listener" daemon [_thread_blocked, id=84508, stack(0x00000000190d0000,0x00000000191d0000)]
  0x0000000017c6d800 JavaThread "Signal Dispatcher" daemon [_thread_blocked, id=87972, stack(0x0000000018fd0000,0x00000000190d0000)]
  0x00000000032f2000 JavaThread "Finalizer" daemon [_thread_blocked, id=85904, stack(0x0000000018ed0000,0x0000000018fd0000)]
  0x00000000032ef000 JavaThread "Reference Handler" daemon [_thread_blocked, id=88176, stack(0x0000000018dd0000,0x0000000018ed0000)]
=>0x0000000003203000 JavaThread "main" [_thread_in_native, id=86408, stack(0x0000000003100000,0x0000000003200000)]

Other Threads:
  0x0000000017c37800 VMThread [stack: 0x0000000018cd0000,0x0000000018dd0000] [id=70544]
  0x0000000017ccd000 WatcherThread [stack: 0x00000000199d0000,0x0000000019ad0000] [id=5856]

VM state:not at safepoint (normal execution)

VM Mutex/Monitor currently owned by a thread: None

Heap:
 PSYoungGen      total 36864K, used 6400K [0x00000000d6e00000, 0x00000000d9700000, 0x0000000100000000)
  eden space 31744K, 10% used [0x00000000d6e00000,0x00000000d7151170,0x00000000d8d00000)
  from space 5120K, 58% used [0x00000000d8d00000,0x00000000d8fef118,0x00000000d9200000)
  to   space 5120K, 0% used [0x00000000d9200000,0x00000000d9200000,0x00000000d9700000)
 ParOldGen       total 84992K, used 16K [0x0000000084a00000, 0x0000000089d00000, 0x00000000d6e00000)
  object space 84992K, 0% used [0x0000000084a00000,0x0000000084a04000,0x0000000089d00000)
 Metaspace       used 6102K, capacity 6624K, committed 6912K, reserved 1056768K
  class space    used 644K, capacity 656K, committed 768K, reserved 1048576K

Card table byte_map: [0x00000000126c0000,0x0000000012aa0000] byte_map_base: 0x000000001229b000

Marking Bits: (ParMarkBitMap*) 0x000000005edf4040
 Begin Bits: [0x0000000013140000, 0x0000000015018000)
 End Bits:   [0x0000000015018000, 0x0000000016ef0000)

Polling page: 0x0000000001800000

CodeCache: size=245760Kb used=3498Kb max_used=3529Kb free=242262Kb
 bounds [0x0000000003300000, 0x0000000003680000, 0x0000000012300000]
 total_blobs=1027 nmethods=643 adapters=297
 compilation: enabled

Compilation events (10 events):
Event: 124.693 Thread 0x0000000017cc7000  639       3       java.lang.Math::abs (11 bytes)
Event: 124.693 Thread 0x0000000017cc7000 nmethod 639 0x000000000363ab50 code [0x000000000363aca0, 0x000000000363ae30]
Event: 125.040 Thread 0x0000000017cc7000  641       3       org.bytedeco.javacpp.ClassProperties::addAll (190 bytes)
Event: 125.042 Thread 0x0000000017cc7000 nmethod 641 0x0000000003637350 code [0x0000000003637740, 0x0000000003639b08]
Event: 125.042 Thread 0x0000000017cc7000  642       3       java.util.Arrays$ArrayList::get (7 bytes)
Event: 125.042 Thread 0x0000000017cc7000 nmethod 642 0x0000000003636f90 code [0x00000000036370e0, 0x0000000003637250]
Event: 125.042 Thread 0x0000000017cc7000  640       3       org.bytedeco.javacpp.ClassProperties::addAll (14 bytes)
Event: 125.042 Thread 0x0000000017cc7000 nmethod 640 0x0000000003636490 code [0x0000000003636640, 0x0000000003636bb8]
Event: 125.042 Thread 0x0000000017cc7000  643       3       java.net.URI$Parser::at (20 bytes)
Event: 125.043 Thread 0x0000000017cc7000 nmethod 643 0x0000000003635c50 code [0x0000000003635de0, 0x0000000003636228]

GC Heap History (2 events):
Event: 124.560 GC heap before
{Heap before GC invocations=1 (full 0):
 PSYoungGen      total 36864K, used 31744K [0x00000000d6e00000, 0x00000000d9700000, 0x0000000100000000)
  eden space 31744K, 100% used [0x00000000d6e00000,0x00000000d8d00000,0x00000000d8d00000)
  from space 5120K, 0% used [0x00000000d9200000,0x00000000d9200000,0x00000000d9700000)
  to   space 5120K, 0% used [0x00000000d8d00000,0x00000000d8d00000,0x00000000d9200000)
 ParOldGen       total 84992K, used 0K [0x0000000084a00000, 0x0000000089d00000, 0x00000000d6e00000)
  object space 84992K, 0% used [0x0000000084a00000,0x0000000084a00000,0x0000000089d00000)
 Metaspace       used 6091K, capacity 6624K, committed 6912K, reserved 1056768K
  class space    used 644K, capacity 656K, committed 768K, reserved 1048576K
Event: 124.563 GC heap after
Heap after GC invocations=1 (full 0):
 PSYoungGen      total 36864K, used 3004K [0x00000000d6e00000, 0x00000000d9700000, 0x0000000100000000)
  eden space 31744K, 0% used [0x00000000d6e00000,0x00000000d6e00000,0x00000000d8d00000)
  from space 5120K, 58% used [0x00000000d8d00000,0x00000000d8fef118,0x00000000d9200000)
  to   space 5120K, 0% used [0x00000000d9200000,0x00000000d9200000,0x00000000d9700000)
 ParOldGen       total 84992K, used 16K [0x0000000084a00000, 0x0000000089d00000, 0x00000000d6e00000)
  object space 84992K, 0% used [0x0000000084a00000,0x0000000084a04000,0x0000000089d00000)
 Metaspace       used 6091K, capacity 6624K, committed 6912K, reserved 1056768K
  class space    used 644K, capacity 656K, committed 768K, reserved 1048576K
}

Deoptimization events (4 events):
Event: 0.241 Thread 0x0000000003203000 Uncommon trap: reason=unstable_if action=reinterpret pc=0x000000000342b338 method=java.lang.String.hashCode()I @ 14
Event: 0.473 Thread 0x0000000003203000 Uncommon trap: reason=unstable_if action=reinterpret pc=0x0000000003477c04 method=java.lang.String.indexOf([CII[CIII)I @ 123
Event: 122.627 Thread 0x0000000003203000 Uncommon trap: reason=unreached action=reinterpret pc=0x00000000035943c0 method=SampleCode.main([Ljava/lang/String;)V @ 1003
Event: 122.727 Thread 0x0000000003203000 Uncommon trap: reason=unreached action=reinterpret pc=0x0000000003603020 method=SampleCode.main([Ljava/lang/String;)V @ 1025

Internal exceptions (10 events):
Event: 0.232 Thread 0x0000000003203000 Exception <a 'java/security/PrivilegedActionException'> (0x00000000d712c700) thrown at [C:\re\workspace\8-2-build-windows-amd64-cygwin\jdk8u51\3951\hotspot\src\share\vm\prims\jvm.cpp, line 1382]
Event: 0.232 Thread 0x0000000003203000 Exception <a 'java/security/PrivilegedActionException'> (0x00000000d712c8b8) thrown at [C:\re\workspace\8-2-build-windows-amd64-cygwin\jdk8u51\3951\hotspot\src\share\vm\prims\jvm.cpp, line 1382]
Event: 0.232 Thread 0x0000000003203000 Exception <a 'java/security/PrivilegedActionException'> (0x00000000d712db40) thrown at [C:\re\workspace\8-2-build-windows-amd64-cygwin\jdk8u51\3951\hotspot\src\share\vm\prims\jvm.cpp, line 1382]
Event: 0.232 Thread 0x0000000003203000 Exception <a 'java/security/PrivilegedActionException'> (0x00000000d712dcf8) thrown at [C:\re\workspace\8-2-build-windows-amd64-cygwin\jdk8u51\3951\hotspot\src\share\vm\prims\jvm.cpp, line 1382]
Event: 0.233 Thread 0x0000000003203000 Exception <a 'java/security/PrivilegedActionException'> (0x00000000d712eef0) thrown at [C:\re\workspace\8-2-build-windows-amd64-cygwin\jdk8u51\3951\hotspot\src\share\vm\prims\jvm.cpp, line 1382]
Event: 0.233 Thread 0x0000000003203000 Exception <a 'java/security/PrivilegedActionException'> (0x00000000d712f0a8) thrown at [C:\re\workspace\8-2-build-windows-amd64-cygwin\jdk8u51\3951\hotspot\src\share\vm\prims\jvm.cpp, line 1382]
Event: 0.477 Thread 0x0000000003203000 Exception <a 'java/security/PrivilegedActionException'> (0x00000000d73c6888) thrown at [C:\re\workspace\8-2-build-windows-amd64-cygwin\jdk8u51\3951\hotspot\src\share\vm\prims\jvm.cpp, line 1382]
Event: 0.477 Thread 0x0000000003203000 Exception <a 'java/security/PrivilegedActionException'> (0x00000000d73c6a40) thrown at [C:\re\workspace\8-2-build-windows-amd64-cygwin\jdk8u51\3951\hotspot\src\share\vm\prims\jvm.cpp, line 1382]
Event: 0.478 Thread 0x0000000003203000 Exception <a 'java/security/PrivilegedActionException'> (0x00000000d73ca7d8) thrown at [C:\re\workspace\8-2-build-windows-amd64-cygwin\jdk8u51\3951\hotspot\src\share\vm\prims\jvm.cpp, line 1382]
Event: 0.478 Thread 0x0000000003203000 Exception <a 'java/security/PrivilegedActionException'> (0x00000000d73ca990) thrown at [C:\re\workspace\8-2-build-windows-amd64-cygwin\jdk8u51\3951\hotspot\src\share\vm\prims\jvm.cpp, line 1382]

Events (10 events):
Event: 122.628 Thread 0x0000000003203000 DEOPT UNPACKING pc=0x000000000334582a sp=0x00000000031feef0 mode 2
Event: 122.723 Thread 0x0000000003203000 DEOPT PACKING pc=0x00000000035e50f4 sp=0x00000000031feb20
Event: 122.723 Thread 0x0000000003203000 DEOPT UNPACKING pc=0x000000000334787f sp=0x00000000031fec70 mode 0
Event: 122.727 Thread 0x0000000003203000 Uncommon trap: trap_request=0xffffffad fr.pc=0x0000000003603020
Event: 122.727 Thread 0x0000000003203000 DEOPT PACKING pc=0x0000000003603020 sp=0x00000000031feef0
Event: 122.727 Thread 0x0000000003203000 DEOPT UNPACKING pc=0x000000000334582a sp=0x00000000031feef0 mode 2
Event: 124.154 Thread 0x0000000003203000 DEOPT PACKING pc=0x0000000003611884 sp=0x00000000031feb20
Event: 124.154 Thread 0x0000000003203000 DEOPT UNPACKING pc=0x000000000334787f sp=0x00000000031fec70 mode 0
Event: 124.560 Executing VM operation: ParallelGCFailedAllocation
Event: 124.563 Executing VM operation: ParallelGCFailedAllocation done


Dynamic libraries:
0x00007ff743ca0000 - 0x00007ff743cd7000 	C:\Program Files\Java\jdk1.8.0_51\bin\java.exe
0x00007ffceb1b0000 - 0x00007ffceb371000 	C:\WINDOWS\SYSTEM32\ntdll.dll
0x00007ffceab00000 - 0x00007ffceabad000 	C:\WINDOWS\system32\KERNEL32.DLL
0x00007ffce8020000 - 0x00007ffce8208000 	C:\WINDOWS\system32\KERNELBASE.dll
0x00007ffce8f20000 - 0x00007ffce8fc7000 	C:\WINDOWS\system32\ADVAPI32.dll
0x00007ffceb000000 - 0x00007ffceb09d000 	C:\WINDOWS\system32\msvcrt.dll
0x00007ffceaaa0000 - 0x00007ffceaafb000 	C:\WINDOWS\system32\sechost.dll
0x00007ffce8880000 - 0x00007ffce899c000 	C:\WINDOWS\system32\RPCRT4.dll
0x00007ffce8dc0000 - 0x00007ffce8f16000 	C:\WINDOWS\system32\USER32.dll
0x00007ffce9190000 - 0x00007ffce9316000 	C:\WINDOWS\system32\GDI32.dll
0x00007ffce0380000 - 0x00007ffce05f4000 	C:\WINDOWS\WinSxS\amd64_microsoft.windows.common-controls_6595b64144ccf1df_6.0.10586.672_none_a2d6b3cea53ff843\COMCTL32.dll
0x00007ffce8a00000 - 0x00007ffce8c7d000 	C:\WINDOWS\system32\combase.dll
0x00007ffce7910000 - 0x00007ffce797a000 	C:\WINDOWS\system32\bcryptPrimitives.dll
0x00007ffce8fe0000 - 0x00007ffce901b000 	C:\WINDOWS\system32\IMM32.DLL
0x000000005ee80000 - 0x000000005ef52000 	C:\Program Files\Java\jdk1.8.0_51\jre\bin\msvcr100.dll
0x000000005e5f0000 - 0x000000005ee73000 	C:\Program Files\Java\jdk1.8.0_51\jre\bin\server\jvm.dll
0x00007ffce9180000 - 0x00007ffce9188000 	C:\WINDOWS\system32\PSAPI.DLL
0x00007ffcdd6d0000 - 0x00007ffcdd6d9000 	C:\WINDOWS\SYSTEM32\WSOCK32.dll
0x00007ffce0860000 - 0x00007ffce0883000 	C:\WINDOWS\SYSTEM32\WINMM.dll
0x00007ffce8600000 - 0x00007ffce866b000 	C:\WINDOWS\system32\WS2_32.dll
0x00007ffce6ba0000 - 0x00007ffce6baa000 	C:\WINDOWS\SYSTEM32\VERSION.dll
0x00007ffce0810000 - 0x00007ffce083c000 	C:\WINDOWS\SYSTEM32\WINMMBASE.dll
0x00007ffce7fd0000 - 0x00007ffce8013000 	C:\WINDOWS\system32\cfgmgr32.dll
0x000000005fae0000 - 0x000000005faef000 	C:\Program Files\Java\jdk1.8.0_51\jre\bin\verify.dll
0x000000005e5c0000 - 0x000000005e5e9000 	C:\Program Files\Java\jdk1.8.0_51\jre\bin\java.dll
0x000000005e5a0000 - 0x000000005e5b6000 	C:\Program Files\Java\jdk1.8.0_51\jre\bin\zip.dll
0x00007ffce9470000 - 0x00007ffcea9cc000 	C:\WINDOWS\system32\SHELL32.dll
0x00007ffce7980000 - 0x00007ffce7fc5000 	C:\WINDOWS\system32\windows.storage.dll
0x00007ffce8c80000 - 0x00007ffce8cd2000 	C:\WINDOWS\system32\shlwapi.dll
0x00007ffce7820000 - 0x00007ffce782f000 	C:\WINDOWS\system32\kernel.appcore.dll
0x00007ffce8210000 - 0x00007ffce82c5000 	C:\WINDOWS\system32\shcore.dll
0x00007ffce77b0000 - 0x00007ffce77fb000 	C:\WINDOWS\system32\powrprof.dll
0x00007ffce7800000 - 0x00007ffce7814000 	C:\WINDOWS\system32\profapi.dll
0x00007ffce4a80000 - 0x00007ffce4a90000 	C:\Program Files (x86)\JetBrains\IntelliJ IDEA Community Edition 15.0.4\bin\breakgen64.dll
0x000000005e580000 - 0x000000005e59a000 	C:\Program Files\Java\jdk1.8.0_51\jre\bin\net.dll
0x00007ffce70e0000 - 0x00007ffce713c000 	C:\WINDOWS\system32\mswsock.dll
0x00007ffcbd7e0000 - 0x00007ffcbd8cf000 	C:\Users\rg\AppData\Local\Temp\javacpp1644485423128391\msvcr120.dll
0x00007ffcc6ff0000 - 0x00007ffcc7096000 	C:\Users\rg\AppData\Local\Temp\javacpp1644485423128391\msvcp120.dll
0x00007ffcb8520000 - 0x00007ffcb8799000 	C:\Users\rg\AppData\Local\Temp\javacpp1644485423128391\opencv_core310.dll
0x00007ffcb1da0000 - 0x00007ffcb20e1000 	C:\Users\rg\AppData\Local\Temp\javacpp1644485423128391\opencv_imgproc310.dll
0x00007ffcb1ba0000 - 0x00007ffcb1d98000 	C:\Users\rg\AppData\Local\Temp\javacpp1644485423128391\jniopencv_core.dll
0x00007ffcbd660000 - 0x00007ffcbd706000 	C:\Users\rg\AppData\Local\Temp\javacpp1644485423128391\jniopencv_imgproc.dll
0x00007ffcb11d0000 - 0x00007ffcb1498000 	C:\Users\rg\AppData\Local\Temp\javacpp1644485423128391\opencv_imgcodecs310.dll
0x00007ffce4a00000 - 0x00007ffce4a1c000 	C:\Users\rg\AppData\Local\Temp\javacpp1644485423128391\jniopencv_imgcodecs.dll
0x00007ffcc6cf0000 - 0x00007ffcc6e7c000 	C:\WINDOWS\SYSTEM32\dbghelp.dll

VM Arguments:
jvm_args: -Djavacpp.platform.dependencies=true -Djava.library.path=C:\googs\mosaic\lib\ -Didea.launcher.port=7533 -Didea.launcher.bin.path=C:\Program Files (x86)\JetBrains\IntelliJ IDEA Community Edition 15.0.4\bin -Dfile.encoding=UTF-8 
java_command: com.intellij.rt.execution.application.AppMain SampleCode C:\googs\mosaic\src\main\resources\photos C:\googs\mosaic\src\main\resources\target4 80 60
java_class_path (initial): C:\Program Files\Java\jdk1.8.0_51\jre\lib\charsets.jar;C:\Program Files\Java\jdk1.8.0_51\jre\lib\deploy.jar;C:\Program Files\Java\jdk1.8.0_51\jre\lib\javaws.jar;C:\Program Files\Java\jdk1.8.0_51\jre\lib\jce.jar;C:\Program Files\Java\jdk1.8.0_51\jre\lib\jfr.jar;C:\Program Files\Java\jdk1.8.0_51\jre\lib\jfxswt.jar;C:\Program Files\Java\jdk1.8.0_51\jre\lib\jsse.jar;C:\Program Files\Java\jdk1.8.0_51\jre\lib\management-agent.jar;C:\Program Files\Java\jdk1.8.0_51\jre\lib\plugin.jar;C:\Program Files\Java\jdk1.8.0_51\jre\lib\resources.jar;C:\Program Files\Java\jdk1.8.0_51\jre\lib\rt.jar;C:\Program Files\Java\jdk1.8.0_51\jre\lib\ext\access-bridge-64.jar;C:\Program Files\Java\jdk1.8.0_51\jre\lib\ext\cldrdata.jar;C:\Program Files\Java\jdk1.8.0_51\jre\lib\ext\dnsns.jar;C:\Program Files\Java\jdk1.8.0_51\jre\lib\ext\jaccess.jar;C:\Program Files\Java\jdk1.8.0_51\jre\lib\ext\jfxrt.jar;C:\Program Files\Java\jdk1.8.0_51\jre\lib\ext\localedata.jar;C:\Program Files\Java\jdk1.8.0_51\jre\lib\ext\nashorn.jar;C:\Program Files\Java\jdk1.8.0_51\jre\lib\ext\sunec.jar;C:\Program Files\Java\jdk1.8.0_51\jre\lib\ext\sunjce_provider.jar;C:\Program Files\Java\jdk1.8.0_51\jre\lib\ext\sunmscapi.jar;C:\Program Files\Java\jdk1.8.0_51\jre\lib\ext\sunpkcs11.jar;C:\Program Files\Java\jdk1.8.0_51\jre\lib\ext\zipfs.jar;C:\googs\mosaic\target\classes;C:\Users\rg\.m2\repository\org\bytedeco\javacv\1.2\javacv-1.2.jar;C:\Users\rg\.m2\repository\org\bytedeco\javacpp\1.2\javacpp-1.2.jar;C:\Users\rg\.m2\repository\org\bytedeco\javacpp-presets\opencv\3.1.0-1.2\opencv-3.1.0-1.2.jar;C:\Users\rg\.m2\repository\org\bytedeco\javacpp-presets\opencv\3.1.0-1.2\opencv-3.1.0-1.2-windows-x86.jar;C:\Users\rg\.m2\repository\org\bytedeco\javacpp-presets\ffmpeg\3.0.2-1.2\ffmpeg-3.0.2-1.2.jar;C:\Users\rg\.m2\repository\org\bytedeco\javacpp-presets\ffmpeg\3.0.2-1.2\ffmpeg-3.0.2-1.2-windows-x86.jar;C:\Users\rg\.m2\repository\org\bytedeco\javacpp-presets\flycapture\2.9.3.43-1.2\flycapture-2.9.3.43-1.2.jar
Launcher Type: SUN_STANDARD

Environment Variables:
JAVA_HOME=C:\Program Files\Java\jdk1.7.0_67
CLASSPATH=%CLASSPATH%;%TESTNG_HOME%\testng-6.9.4.jar;C:\TESTNG\testng-6.9.4.jar;C:\TESTNG\testng-6.9.4.jar
PATH=C:\ProgramData\Oracle\Java\javapath;C:\app\rg\product\11.2.0\dbhome_1\bin;C:\WINDOWS\system32;C:\WINDOWS;C:\WINDOWS\System32\Wbem;C:\WINDOWS\System32\WindowsPowerShell\v1.0\;C:\Program Files\ThinkPad\Bluetooth Software\;C:\Program Files\ThinkPad\Bluetooth Software\syswow64;C:\spring\apache-maven-3.3.3\bin;C:\Program Files (x86)\Git\cmd;C:\Program Files (x86)\WinMerge;C:\Program Files (x86)\WebEx\PTools020000000;C:\Program Files (x86)\Sennheiser\SoftphoneSDK\;C:\Program Files\Intel\WiFi\bin\;C:\Program Files\Common Files\Intel\WirelessCommon\;C:\Python27;C:\app\rg\product\11.2.0\dbhome_1\bin;C:\WINDOWS\system32;C:\WINDOWS;C:\WINDOWS\System32\Wbem;C:\WINDOWS\System32\WindowsPowerShell\v1.0\;C:\Program Files (x86)\QuickTime\QTSystem\;C:\Program Files\Perforce;C:\Users\rg\AppData\Roaming\Python\Scripts;C:\Program Files (x86)\GnuWin32\bin;C:\apache-ant-1.9.4\bin;C:\php;C:\instantclient;C:\googs\sdugui\libs;C:\Program Files\Java\jdk1.7.0_67\bin;C:\Users\rg\AppData\Local\Android\sdk\tools;C:\apache-maven-3.3.3\bin;C:\Users\rg\AppData\Local\Android\sdk;C:\Users\rg\AppData\Local\Android\ndk;C:\Users\rg\Downloads\curl-7.44.0;C:\Users\rg\AppData\Local\Google\Cloud SDK\google-cloud-sdk\bin;C:\Program Files (x86)\Google\google_appengine\;C:\Program Files\Intel\WiFi\bin\;C:\Program Files\Common Files\Intel\WirelessCommon\
USERNAME=rg
OS=Windows_NT
PROCESSOR_IDENTIFIER=Intel64 Family 6 Model 58 Stepping 9, GenuineIntel



---------------  S Y S T E M  ---------------

OS: Windows 10.0 , 64 bit Build 10586 (10.0.10586.589)

CPU:total 4 (2 cores per cpu, 2 threads per core) family 6 model 58 stepping 9, cmov, cx8, fxsr, mmx, sse, sse2, sse3, ssse3, sse4.1, sse4.2, popcnt, avx, aes, clmul, erms, ht, tsc, tscinvbit, tscinv

Memory: 4k page, physical 8078856k(4025660k free), swap 18877576k(9395528k free)

vm_info: Java HotSpot(TM) 64-Bit Server VM (25.51-b03) for windows-amd64 JRE (1.8.0_51-b16), built on Jun  8 2015 18:03:07 by "java_re" with MS VC++ 10.0 (VS2010)

time: Sun Dec 25 19:01:51 2016
elapsed time: 125 seconds (0d 0h 2m 5s)

